Using pre-set license
Built from '2020.2/release' branch; Version is '2020.2.4f1 (becced5a802b) revision 12504301'; Using compiler version '192528614'; Build Type 'Release'
OS: 'Windows 10 Pro; OS build 19042.1052; Version 2009; 64bit' Language: 'ru' Physical Memory: 16332 MB
BatchMode: 1, IsHumanControllingUs: 0, StartBugReporterOnCrash: 0, Is64bit: 1, IsPro: 0

 COMMAND LINE ARGUMENTS:
C:\Program Files\Unity\Hub\Editor\2020.2.4f1\Editor\Unity.exe
-adb2
-batchMode
-noUpm
-name
AssetImportWorker0
-projectPath
D:/Projects/Project/2dProject
-logFile
Logs/AssetImportWorker0.log
-srvPort
58630
Successfully changed project path to: D:/Projects/Project/2dProject
D:/Projects/Project/2dProject
Using Asset Import Pipeline V2.
Refreshing native plugins compatible for Editor in 52.85 ms, found 1 plugins.
Preloading 0 native plugins for Editor in 0.00 ms.
Initialize engine version: 2020.2.4f1 (becced5a802b)
[Subsystems] Discovering subsystems at path C:/Program Files/Unity/Hub/Editor/2020.2.4f1/Editor/Data/Resources/UnitySubsystems
[Subsystems] Discovering subsystems at path D:/Projects/Project/2dProject/Assets
GfxDevice: creating device client; threaded=0
Direct3D:
    Version:  Direct3D 11.0 [level 11.0]
    Renderer: NVIDIA GeForce GTX 660 (ID=0x11c0)
    Vendor:   
    VRAM:     1998 MB
    Driver:   30.0.14.7196
Shader 'Universal Render Pipeline/Particles/Lit': fallback shader 'Universal Render Pipeline/Particles/SimpleLit' not found
Initialize mono
Mono path[0] = 'C:/Program Files/Unity/Hub/Editor/2020.2.4f1/Editor/Data/Managed'
Mono path[1] = 'C:/Program Files/Unity/Hub/Editor/2020.2.4f1/Editor/Data/MonoBleedingEdge/lib/mono/unityjit'
Mono config path = 'C:/Program Files/Unity/Hub/Editor/2020.2.4f1/Editor/Data/MonoBleedingEdge/etc'
Using monoOptions --debugger-agent=transport=dt_socket,embedding=1,server=y,suspend=n,address=127.0.0.1:56176
Begin MonoManager ReloadAssembly
Registering precompiled unity dll's ...
Register platform support module: C:/Program Files/Unity/Hub/Editor/2020.2.4f1/Editor/Data/PlaybackEngines/WindowsStandaloneSupport/UnityEditor.WindowsStandalone.Extensions.dll
Registered in 0.000728 seconds.
Native extension for WindowsStandalone target not found
Refreshing native plugins compatible for Editor in 52.75 ms, found 1 plugins.
Preloading 0 native plugins for Editor in 0.00 ms.
Invoked RoslynAnalysisRunner static constructor.
RoslynAnalysisRunner will not be running.
RoslynAnalysisRunner has terminated.
Mono: successfully reloaded assembly
- Completed reload, in  1.280 seconds
Platform modules already initialized, skipping
Registering precompiled user dll's ...
Registered in 0.000706 seconds.
Begin MonoManager ReloadAssembly
Native extension for WindowsStandalone target not found
Refreshing native plugins compatible for Editor in 54.01 ms, found 1 plugins.
Preloading 0 native plugins for Editor in 0.00 ms.
Invoked RoslynAnalysisRunner static constructor.
RoslynAnalysisRunner will not be running.
RoslynAnalysisRunner has terminated.
Mono: successfully reloaded assembly
- Completed reload, in  0.777 seconds
Platform modules already initialized, skipping
========================================================================
Worker process is ready to serve import requests
Shader 'Universal Render Pipeline/Particles/Lit': fallback shader 'Universal Render Pipeline/Particles/SimpleLit' not found
Launched and connected shader compiler UnityShaderCompiler.exe after 0.03 seconds
Refreshing native plugins compatible for Editor in 0.54 ms, found 1 plugins.
Preloading 0 native plugins for Editor in 0.00 ms.
Unloading 2993 Unused Serialized files (Serialized files now loaded: 0)
System memory in use before: 132.1 MB.
System memory in use after: 132.2 MB.

Unloading 25 unused Assets to reduce memory usage. Loaded Objects now: 3433.
Total: 2.433400 ms (FindLiveObjects: 0.280700 ms CreateObjectMapping: 0.101600 ms MarkObjects: 1.921700 ms  DeleteObjects: 0.128500 ms)

========================================================================
Received Import Request.
  path: Assets/Scripts/SpawnEnemy.cs
  artifactKey: Guid(c99a1f1f70568fd488f96e5baf8e5aa8) Importer(815301076,1909f56bfc062723c751e8b465ee728b)
Start importing Assets/Scripts/SpawnEnemy.cs using Guid(c99a1f1f70568fd488f96e5baf8e5aa8) Importer(815301076,1909f56bfc062723c751e8b465ee728b)  -> (artifact id: '8d0b8928c1ce1a8945c4acb0611cd079') in 0.013661 seconds
  Import took 0.017536 seconds .

========================================================================
Received Import Request.
  Time since last request: 3.310399 seconds.
  path: Assets/Scripts/Spawner.cs
  artifactKey: Guid(c99a1f1f70568fd488f96e5baf8e5aa8) Importer(815301076,1909f56bfc062723c751e8b465ee728b)
Start importing Assets/Scripts/Spawner.cs using Guid(c99a1f1f70568fd488f96e5baf8e5aa8) Importer(815301076,1909f56bfc062723c751e8b465ee728b)  -> (artifact id: '4c46a1e441860392e01d0d04032081c4') in 0.000817 seconds
  Import took 0.004867 seconds .

========================================================================
Received Prepare
Registering precompiled user dll's ...
Registered in 0.000903 seconds.
Begin MonoManager ReloadAssembly
Native extension for WindowsStandalone target not found
Refreshing native plugins compatible for Editor in 0.54 ms, found 1 plugins.
Preloading 0 native plugins for Editor in 0.00 ms.
Invoked RoslynAnalysisRunner static constructor.
RoslynAnalysisRunner will not be running.
RoslynAnalysisRunner has terminated.
Mono: successfully reloaded assembly
- Completed reload, in  0.713 seconds
Platform modules already initialized, skipping
Switching build target platform(5) subTarget(0) extendedPlatform(0) -> platform(13) subTarget(537395200) extendedPlatform(0)
Shader 'Universal Render Pipeline/Particles/Lit': fallback shader 'Universal Render Pipeline/Particles/SimpleLit' not found
Refreshing native plugins compatible for Editor in 0.52 ms, found 1 plugins.
Preloading 0 native plugins for Editor in 0.00 ms.
Unloading 2874 Unused Serialized files (Serialized files now loaded: 0)
System memory in use before: 125.1 MB.
System memory in use after: 125.2 MB.

Unloading 13 unused Assets to reduce memory usage. Loaded Objects now: 3436.
Total: 2.033900 ms (FindLiveObjects: 0.307400 ms CreateObjectMapping: 0.064000 ms MarkObjects: 1.567800 ms  DeleteObjects: 0.093400 ms)

AssetImportParameters requested are different than current active one (requested -> active):
  custom:graphics/normal-map-encoding: 01000000000000000000000000000000 -> 02000000000000000000000000000000
========================================================================
Received Import Request.
  Time since last request: 35.135070 seconds.
  path: Assets/Scripts/LevelPathes.cs
  artifactKey: Guid(6920eb6ac08e82b41a0e50b0a39581a2) Importer(815301076,1909f56bfc062723c751e8b465ee728b)
Start importing Assets/Scripts/LevelPathes.cs using Guid(6920eb6ac08e82b41a0e50b0a39581a2) Importer(815301076,1909f56bfc062723c751e8b465ee728b)  -> (artifact id: 'be3b68d42b9093fd0809b360b62b59b6') in 0.003858 seconds
  Import took 0.008360 seconds .

========================================================================
Received Import Request.
  Time since last request: 0.989663 seconds.
  path: Assets/Scripts/Path.cs
  artifactKey: Guid(253705fd984c8ed4fb09255861d6c992) Importer(815301076,1909f56bfc062723c751e8b465ee728b)
Start importing Assets/Scripts/Path.cs using Guid(253705fd984c8ed4fb09255861d6c992) Importer(815301076,1909f56bfc062723c751e8b465ee728b)  -> (artifact id: 'a6c0893a66fb626b31cfa20a9e1773f4') in 0.000891 seconds
  Import took 0.019729 seconds .

========================================================================
Received Import Request.
  Time since last request: 0.648150 seconds.
  path: Assets/Scripts/PhysicsMovement.cs
  artifactKey: Guid(8fcf46e429d896f43ae5071196b6cca4) Importer(815301076,1909f56bfc062723c751e8b465ee728b)
Start importing Assets/Scripts/PhysicsMovement.cs using Guid(8fcf46e429d896f43ae5071196b6cca4) Importer(815301076,1909f56bfc062723c751e8b465ee728b)  -> (artifact id: 'b3c9ba162cc97d39ff29e3b378cd9689') in 0.000886 seconds
  Import took 0.004454 seconds .

========================================================================
Received Import Request.
  Time since last request: 4.485558 seconds.
  path: Assets/Scripts/Siren.cs
  artifactKey: Guid(6f26cbf7253f4ed49b0a1e1bbc7c1afc) Importer(815301076,1909f56bfc062723c751e8b465ee728b)
Start importing Assets/Scripts/Siren.cs using Guid(6f26cbf7253f4ed49b0a1e1bbc7c1afc) Importer(815301076,1909f56bfc062723c751e8b465ee728b)  -> (artifact id: 'c1fb37c9369f9991320937c9cd786c7c') in 0.000982 seconds
  Import took 0.004713 seconds .

========================================================================
Received Prepare
Registering precompiled user dll's ...
Registered in 0.000919 seconds.
Begin MonoManager ReloadAssembly
Native extension for WindowsStandalone target not found
Refreshing native plugins compatible for Editor in 0.75 ms, found 1 plugins.
Preloading 0 native plugins for Editor in 0.00 ms.
Invoked RoslynAnalysisRunner static constructor.
RoslynAnalysisRunner will not be running.
RoslynAnalysisRunner has terminated.
Mono: successfully reloaded assembly
- Completed reload, in  0.698 seconds
Platform modules already initialized, skipping
Switching build target platform(5) subTarget(0) extendedPlatform(0) -> platform(13) subTarget(537395200) extendedPlatform(0)
Shader 'Universal Render Pipeline/Particles/Lit': fallback shader 'Universal Render Pipeline/Particles/SimpleLit' not found
Refreshing native plugins compatible for Editor in 0.52 ms, found 1 plugins.
Preloading 0 native plugins for Editor in 0.00 ms.
Unloading 2874 Unused Serialized files (Serialized files now loaded: 0)
System memory in use before: 125.1 MB.
System memory in use after: 125.2 MB.

Unloading 13 unused Assets to reduce memory usage. Loaded Objects now: 3439.
Total: 2.110100 ms (FindLiveObjects: 0.236900 ms CreateObjectMapping: 0.068600 ms MarkObjects: 1.711700 ms  DeleteObjects: 0.092300 ms)

AssetImportParameters requested are different than current active one (requested -> active):
  custom:graphics/normal-map-encoding: 01000000000000000000000000000000 -> 02000000000000000000000000000000
========================================================================
Received Prepare
Registering precompiled user dll's ...
Registered in 0.000804 seconds.
Begin MonoManager ReloadAssembly
Native extension for WindowsStandalone target not found
Refreshing native plugins compatible for Editor in 0.60 ms, found 1 plugins.
Preloading 0 native plugins for Editor in 0.00 ms.
Invoked RoslynAnalysisRunner static constructor.
RoslynAnalysisRunner will not be running.
RoslynAnalysisRunner has terminated.
Mono: successfully reloaded assembly
- Completed reload, in  0.689 seconds
Platform modules already initialized, skipping
Switching build target platform(5) subTarget(0) extendedPlatform(0) -> platform(13) subTarget(537395200) extendedPlatform(0)
Shader 'Universal Render Pipeline/Particles/Lit': fallback shader 'Universal Render Pipeline/Particles/SimpleLit' not found
Refreshing native plugins compatible for Editor in 0.56 ms, found 1 plugins.
Preloading 0 native plugins for Editor in 0.00 ms.
Unloading 2874 Unused Serialized files (Serialized files now loaded: 0)
System memory in use before: 125.2 MB.
System memory in use after: 125.3 MB.

Unloading 13 unused Assets to reduce memory usage. Loaded Objects now: 3442.
Total: 2.256400 ms (FindLiveObjects: 0.453100 ms CreateObjectMapping: 0.095000 ms MarkObjects: 1.610600 ms  DeleteObjects: 0.096900 ms)

AssetImportParameters requested are different than current active one (requested -> active):
  custom:graphics/normal-map-encoding: 01000000000000000000000000000000 -> 02000000000000000000000000000000
========================================================================
Received Prepare
Registering precompiled user dll's ...
Registered in 0.000813 seconds.
Begin MonoManager ReloadAssembly
Native extension for WindowsStandalone target not found
Refreshing native plugins compatible for Editor in 0.57 ms, found 1 plugins.
Preloading 0 native plugins for Editor in 0.00 ms.
Invoked RoslynAnalysisRunner static constructor.
RoslynAnalysisRunner will not be running.
RoslynAnalysisRunner has terminated.
Mono: successfully reloaded assembly
- Completed reload, in  0.688 seconds
Platform modules already initialized, skipping
Switching build target platform(5) subTarget(0) extendedPlatform(0) -> platform(13) subTarget(537395200) extendedPlatform(0)
Shader 'Universal Render Pipeline/Particles/Lit': fallback shader 'Universal Render Pipeline/Particles/SimpleLit' not found
Refreshing native plugins compatible for Editor in 0.55 ms, found 1 plugins.
Preloading 0 native plugins for Editor in 0.00 ms.
Unloading 2874 Unused Serialized files (Serialized files now loaded: 0)
System memory in use before: 125.2 MB.
System memory in use after: 125.3 MB.

Unloading 13 unused Assets to reduce memory usage. Loaded Objects now: 3445.
Total: 2.031900 ms (FindLiveObjects: 0.258700 ms CreateObjectMapping: 0.093400 ms MarkObjects: 1.595600 ms  DeleteObjects: 0.083300 ms)

AssetImportParameters requested are different than current active one (requested -> active):
  custom:graphics/normal-map-encoding: 01000000000000000000000000000000 -> 02000000000000000000000000000000
========================================================================
Received Prepare
Registering precompiled user dll's ...
Registered in 0.000786 seconds.
Begin MonoManager ReloadAssembly
Native extension for WindowsStandalone target not found
Refreshing native plugins compatible for Editor in 0.60 ms, found 1 plugins.
Preloading 0 native plugins for Editor in 0.00 ms.
Invoked RoslynAnalysisRunner static constructor.
RoslynAnalysisRunner will not be running.
RoslynAnalysisRunner has terminated.
Mono: successfully reloaded assembly
- Completed reload, in  0.702 seconds
Platform modules already initialized, skipping
Switching build target platform(5) subTarget(0) extendedPlatform(0) -> platform(13) subTarget(537395200) extendedPlatform(0)
Shader 'Universal Render Pipeline/Particles/Lit': fallback shader 'Universal Render Pipeline/Particles/SimpleLit' not found
Refreshing native plugins compatible for Editor in 0.58 ms, found 1 plugins.
Preloading 0 native plugins for Editor in 0.00 ms.
Unloading 2874 Unused Serialized files (Serialized files now loaded: 0)
System memory in use before: 125.2 MB.
System memory in use after: 125.3 MB.

Unloading 13 unused Assets to reduce memory usage. Loaded Objects now: 3448.
Total: 2.188600 ms (FindLiveObjects: 0.319900 ms CreateObjectMapping: 0.155800 ms MarkObjects: 1.623500 ms  DeleteObjects: 0.088400 ms)

AssetImportParameters requested are different than current active one (requested -> active):
  custom:graphics/normal-map-encoding: 01000000000000000000000000000000 -> 02000000000000000000000000000000
========================================================================
Received Prepare
Registering precompiled user dll's ...
Registered in 0.000883 seconds.
Begin MonoManager ReloadAssembly
Native extension for WindowsStandalone target not found
Refreshing native plugins compatible for Editor in 0.56 ms, found 1 plugins.
Preloading 0 native plugins for Editor in 0.00 ms.
Invoked RoslynAnalysisRunner static constructor.
RoslynAnalysisRunner will not be running.
RoslynAnalysisRunner has terminated.
Mono: successfully reloaded assembly
- Completed reload, in  0.695 seconds
Platform modules already initialized, skipping
Switching build target platform(5) subTarget(0) extendedPlatform(0) -> platform(13) subTarget(537395200) extendedPlatform(0)
Shader 'Universal Render Pipeline/Particles/Lit': fallback shader 'Universal Render Pipeline/Particles/SimpleLit' not found
Refreshing native plugins compatible for Editor in 0.53 ms, found 1 plugins.
Preloading 0 native plugins for Editor in 0.00 ms.
Unloading 2874 Unused Serialized files (Serialized files now loaded: 0)
System memory in use before: 125.2 MB.
System memory in use after: 125.3 MB.

Unloading 13 unused Assets to reduce memory usage. Loaded Objects now: 3451.
Total: 2.013500 ms (FindLiveObjects: 0.253200 ms CreateObjectMapping: 0.081600 ms MarkObjects: 1.591800 ms  DeleteObjects: 0.085900 ms)

AssetImportParameters requested are different than current active one (requested -> active):
  custom:graphics/normal-map-encoding: 01000000000000000000000000000000 -> 02000000000000000000000000000000
========================================================================
Received Prepare
Registering precompiled user dll's ...
Registered in 0.001006 seconds.
Begin MonoManager ReloadAssembly
Native extension for WindowsStandalone target not found
Refreshing native plugins compatible for Editor in 0.55 ms, found 1 plugins.
Preloading 0 native plugins for Editor in 0.00 ms.
Invoked RoslynAnalysisRunner static constructor.
RoslynAnalysisRunner will not be running.
RoslynAnalysisRunner has terminated.
Mono: successfully reloaded assembly
- Completed reload, in  0.678 seconds
Platform modules already initialized, skipping
Switching build target platform(5) subTarget(0) extendedPlatform(0) -> platform(13) subTarget(537395200) extendedPlatform(0)
Shader 'Universal Render Pipeline/Particles/Lit': fallback shader 'Universal Render Pipeline/Particles/SimpleLit' not found
Refreshing native plugins compatible for Editor in 0.51 ms, found 1 plugins.
Preloading 0 native plugins for Editor in 0.00 ms.
Unloading 2874 Unused Serialized files (Serialized files now loaded: 0)
System memory in use before: 125.2 MB.
System memory in use after: 125.3 MB.

Unloading 13 unused Assets to reduce memory usage. Loaded Objects now: 3454.
Total: 2.141600 ms (FindLiveObjects: 0.247300 ms CreateObjectMapping: 0.071900 ms MarkObjects: 1.724200 ms  DeleteObjects: 0.097300 ms)

AssetImportParameters requested are different than current active one (requested -> active):
  custom:graphics/normal-map-encoding: 01000000000000000000000000000000 -> 02000000000000000000000000000000
========================================================================
Received Prepare
Registering precompiled user dll's ...
Registered in 0.000885 seconds.
Begin MonoManager ReloadAssembly
Native extension for WindowsStandalone target not found
Refreshing native plugins compatible for Editor in 0.55 ms, found 1 plugins.
Preloading 0 native plugins for Editor in 0.00 ms.
Invoked RoslynAnalysisRunner static constructor.
RoslynAnalysisRunner will not be running.
RoslynAnalysisRunner has terminated.
Mono: successfully reloaded assembly
- Completed reload, in  0.689 seconds
Platform modules already initialized, skipping
Switching build target platform(5) subTarget(0) extendedPlatform(0) -> platform(13) subTarget(537395200) extendedPlatform(0)
Shader 'Universal Render Pipeline/Particles/Lit': fallback shader 'Universal Render Pipeline/Particles/SimpleLit' not found
Refreshing native plugins compatible for Editor in 0.50 ms, found 1 plugins.
Preloading 0 native plugins for Editor in 0.00 ms.
Unloading 2874 Unused Serialized files (Serialized files now loaded: 0)
System memory in use before: 125.2 MB.
System memory in use after: 125.3 MB.

Unloading 13 unused Assets to reduce memory usage. Loaded Objects now: 3457.
Total: 2.145600 ms (FindLiveObjects: 0.287400 ms CreateObjectMapping: 0.061800 ms MarkObjects: 1.704400 ms  DeleteObjects: 0.091400 ms)

AssetImportParameters requested are different than current active one (requested -> active):
  custom:graphics/normal-map-encoding: 01000000000000000000000000000000 -> 02000000000000000000000000000000
========================================================================
Received Import Request.
  Time since last request: 1429.149326 seconds.
  path: Assets/Scripts/HomeWork1
  artifactKey: Guid(5a39180aab773c54fa5d858b312e48f0) Importer(815301076,1909f56bfc062723c751e8b465ee728b)
Start importing Assets/Scripts/HomeWork1 using Guid(5a39180aab773c54fa5d858b312e48f0) Importer(815301076,1909f56bfc062723c751e8b465ee728b)  -> (artifact id: 'ef60323fee6f13c2c6833f4a55ac7a19') in 0.004722 seconds
  Import took 0.009362 seconds .

========================================================================
Received Import Request.
  Time since last request: 21.052142 seconds.
  path: Assets/Scripts/HomeWork2
  artifactKey: Guid(752d43e478caa864a9726c1963153bd0) Importer(815301076,1909f56bfc062723c751e8b465ee728b)
Start importing Assets/Scripts/HomeWork2 using Guid(752d43e478caa864a9726c1963153bd0) Importer(815301076,1909f56bfc062723c751e8b465ee728b)  -> (artifact id: 'fb49894a3aa113cdb12d42ca9acb1d51') in 0.000970 seconds
  Import took 0.005014 seconds .

========================================================================
Received Prepare
Registering precompiled user dll's ...
Registered in 0.001249 seconds.
Begin MonoManager ReloadAssembly
Native extension for WindowsStandalone target not found
Refreshing native plugins compatible for Editor in 0.58 ms, found 1 plugins.
Preloading 0 native plugins for Editor in 0.00 ms.
Invoked RoslynAnalysisRunner static constructor.
RoslynAnalysisRunner will not be running.
RoslynAnalysisRunner has terminated.
Mono: successfully reloaded assembly
- Completed reload, in  0.739 seconds
Platform modules already initialized, skipping
Switching build target platform(5) subTarget(0) extendedPlatform(0) -> platform(13) subTarget(537395200) extendedPlatform(0)
Shader 'Universal Render Pipeline/Particles/Lit': fallback shader 'Universal Render Pipeline/Particles/SimpleLit' not found
Refreshing native plugins compatible for Editor in 0.56 ms, found 1 plugins.
Preloading 0 native plugins for Editor in 0.00 ms.
Unloading 2874 Unused Serialized files (Serialized files now loaded: 0)
System memory in use before: 125.2 MB.
System memory in use after: 125.3 MB.

Unloading 13 unused Assets to reduce memory usage. Loaded Objects now: 3460.
Total: 2.270500 ms (FindLiveObjects: 0.292900 ms CreateObjectMapping: 0.065000 ms MarkObjects: 1.816200 ms  DeleteObjects: 0.095200 ms)

AssetImportParameters requested are different than current active one (requested -> active):
  custom:graphics/normal-map-encoding: 01000000000000000000000000000000 -> 02000000000000000000000000000000
========================================================================
Received Prepare
Registering precompiled user dll's ...
Registered in 0.001058 seconds.
Begin MonoManager ReloadAssembly
Native extension for WindowsStandalone target not found
Refreshing native plugins compatible for Editor in 0.56 ms, found 1 plugins.
Preloading 0 native plugins for Editor in 0.00 ms.
Invoked RoslynAnalysisRunner static constructor.
RoslynAnalysisRunner will not be running.
RoslynAnalysisRunner has terminated.
Mono: successfully reloaded assembly
- Completed reload, in  0.707 seconds
Platform modules already initialized, skipping
Switching build target platform(5) subTarget(0) extendedPlatform(0) -> platform(13) subTarget(537395200) extendedPlatform(0)
Shader 'Universal Render Pipeline/Particles/Lit': fallback shader 'Universal Render Pipeline/Particles/SimpleLit' not found
Refreshing native plugins compatible for Editor in 0.56 ms, found 1 plugins.
Preloading 0 native plugins for Editor in 0.00 ms.
Unloading 2874 Unused Serialized files (Serialized files now loaded: 0)
System memory in use before: 125.3 MB.
System memory in use after: 125.4 MB.

Unloading 13 unused Assets to reduce memory usage. Loaded Objects now: 3463.
Total: 2.251500 ms (FindLiveObjects: 0.276700 ms CreateObjectMapping: 0.065300 ms MarkObjects: 1.809900 ms  DeleteObjects: 0.098400 ms)

AssetImportParameters requested are different than current active one (requested -> active):
  custom:graphics/normal-map-encoding: 01000000000000000000000000000000 -> 02000000000000000000000000000000
========================================================================
Received Import Request.
  Time since last request: 14.326949 seconds.
  path: Assets/Scripts/Enemy.cs
  artifactKey: Guid(ee4d079219f8d044fb68de5f8d36a822) Importer(815301076,1909f56bfc062723c751e8b465ee728b)
Start importing Assets/Scripts/Enemy.cs using Guid(ee4d079219f8d044fb68de5f8d36a822) Importer(815301076,1909f56bfc062723c751e8b465ee728b)  -> (artifact id: 'edafa5d6abd8363518bfa9c2dc6dd692') in 0.003756 seconds
  Import took 0.007667 seconds .

========================================================================
Received Prepare
Registering precompiled user dll's ...
Registered in 0.000941 seconds.
Begin MonoManager ReloadAssembly
Native extension for WindowsStandalone target not found
Refreshing native plugins compatible for Editor in 0.55 ms, found 1 plugins.
Preloading 0 native plugins for Editor in 0.00 ms.
Invoked RoslynAnalysisRunner static constructor.
RoslynAnalysisRunner will not be running.
RoslynAnalysisRunner has terminated.
Mono: successfully reloaded assembly
- Completed reload, in  0.690 seconds
Platform modules already initialized, skipping
Switching build target platform(5) subTarget(0) extendedPlatform(0) -> platform(13) subTarget(537395200) extendedPlatform(0)
Shader 'Universal Render Pipeline/Particles/Lit': fallback shader 'Universal Render Pipeline/Particles/SimpleLit' not found
Refreshing native plugins compatible for Editor in 0.58 ms, found 1 plugins.
Preloading 0 native plugins for Editor in 0.00 ms.
Unloading 2874 Unused Serialized files (Serialized files now loaded: 0)
System memory in use before: 125.3 MB.
System memory in use after: 125.4 MB.

Unloading 13 unused Assets to reduce memory usage. Loaded Objects now: 3466.
Total: 2.461000 ms (FindLiveObjects: 0.433400 ms CreateObjectMapping: 0.090900 ms MarkObjects: 1.826000 ms  DeleteObjects: 0.109400 ms)

AssetImportParameters requested are different than current active one (requested -> active):
  custom:graphics/normal-map-encoding: 01000000000000000000000000000000 -> 02000000000000000000000000000000
========================================================================
Received Prepare
Registering precompiled user dll's ...
Registered in 0.001007 seconds.
Begin MonoManager ReloadAssembly
Native extension for WindowsStandalone target not found
Refreshing native plugins compatible for Editor in 0.55 ms, found 1 plugins.
Preloading 0 native plugins for Editor in 0.00 ms.
Invoked RoslynAnalysisRunner static constructor.
RoslynAnalysisRunner will not be running.
RoslynAnalysisRunner has terminated.
Mono: successfully reloaded assembly
- Completed reload, in  0.700 seconds
Platform modules already initialized, skipping
Switching build target platform(5) subTarget(0) extendedPlatform(0) -> platform(13) subTarget(537395200) extendedPlatform(0)
Shader 'Universal Render Pipeline/Particles/Lit': fallback shader 'Universal Render Pipeline/Particles/SimpleLit' not found
Refreshing native plugins compatible for Editor in 0.54 ms, found 1 plugins.
Preloading 0 native plugins for Editor in 0.00 ms.
Unloading 2874 Unused Serialized files (Serialized files now loaded: 0)
System memory in use before: 125.3 MB.
System memory in use after: 125.4 MB.

Unloading 13 unused Assets to reduce memory usage. Loaded Objects now: 3469.
Total: 2.271600 ms (FindLiveObjects: 0.259000 ms CreateObjectMapping: 0.079300 ms MarkObjects: 1.834200 ms  DeleteObjects: 0.098000 ms)

AssetImportParameters requested are different than current active one (requested -> active):
  custom:graphics/normal-map-encoding: 01000000000000000000000000000000 -> 02000000000000000000000000000000
========================================================================
Received Import Request.
  Time since last request: 111.536204 seconds.
  path: Assets/Scripts/HomeWork2/Spawner.cs
  artifactKey: Guid(c99a1f1f70568fd488f96e5baf8e5aa8) Importer(815301076,1909f56bfc062723c751e8b465ee728b)
Start importing Assets/Scripts/HomeWork2/Spawner.cs using Guid(c99a1f1f70568fd488f96e5baf8e5aa8) Importer(815301076,1909f56bfc062723c751e8b465ee728b)  -> (artifact id: '94b43cf47e44f302351984ef54843f1f') in 0.003942 seconds
  Import took 0.008247 seconds .

========================================================================
Received Prepare
Registering precompiled user dll's ...
Registered in 0.000924 seconds.
Begin MonoManager ReloadAssembly
Native extension for WindowsStandalone target not found
Refreshing native plugins compatible for Editor in 0.55 ms, found 1 plugins.
Preloading 0 native plugins for Editor in 0.00 ms.
Invoked RoslynAnalysisRunner static constructor.
RoslynAnalysisRunner will not be running.
RoslynAnalysisRunner has terminated.
Mono: successfully reloaded assembly
- Completed reload, in  0.695 seconds
Platform modules already initialized, skipping
Switching build target platform(5) subTarget(0) extendedPlatform(0) -> platform(13) subTarget(537395200) extendedPlatform(0)
Shader 'Universal Render Pipeline/Particles/Lit': fallback shader 'Universal Render Pipeline/Particles/SimpleLit' not found
Refreshing native plugins compatible for Editor in 0.54 ms, found 1 plugins.
Preloading 0 native plugins for Editor in 0.00 ms.
Unloading 2874 Unused Serialized files (Serialized files now loaded: 0)
System memory in use before: 125.3 MB.
System memory in use after: 125.4 MB.

Unloading 13 unused Assets to reduce memory usage. Loaded Objects now: 3472.
Total: 2.115500 ms (FindLiveObjects: 0.239300 ms CreateObjectMapping: 0.068900 ms MarkObjects: 1.710800 ms  DeleteObjects: 0.095800 ms)

AssetImportParameters requested are different than current active one (requested -> active):
  custom:graphics/normal-map-encoding: 01000000000000000000000000000000 -> 02000000000000000000000000000000
========================================================================
Received Import Request.
  Time since last request: 87.520242 seconds.
  path: Assets/Scripts/HomeWork2/Spawner.cs
  artifactKey: Guid(c99a1f1f70568fd488f96e5baf8e5aa8) Importer(815301076,1909f56bfc062723c751e8b465ee728b)
Start importing Assets/Scripts/HomeWork2/Spawner.cs using Guid(c99a1f1f70568fd488f96e5baf8e5aa8) Importer(815301076,1909f56bfc062723c751e8b465ee728b)  -> (artifact id: '97dee940c0ce18f3c58f414e4d0a2f1d') in 0.003603 seconds
  Import took 0.007339 seconds .

========================================================================
Received Prepare
Registering precompiled user dll's ...
Registered in 0.000918 seconds.
Begin MonoManager ReloadAssembly
Native extension for WindowsStandalone target not found
Refreshing native plugins compatible for Editor in 0.60 ms, found 1 plugins.
Preloading 0 native plugins for Editor in 0.00 ms.
Invoked RoslynAnalysisRunner static constructor.
RoslynAnalysisRunner will not be running.
RoslynAnalysisRunner has terminated.
Mono: successfully reloaded assembly
- Completed reload, in  0.738 seconds
Platform modules already initialized, skipping
Switching build target platform(5) subTarget(0) extendedPlatform(0) -> platform(13) subTarget(537395200) extendedPlatform(0)
Shader 'Universal Render Pipeline/Particles/Lit': fallback shader 'Universal Render Pipeline/Particles/SimpleLit' not found
Refreshing native plugins compatible for Editor in 0.56 ms, found 1 plugins.
Preloading 0 native plugins for Editor in 0.00 ms.
Unloading 2874 Unused Serialized files (Serialized files now loaded: 0)
System memory in use before: 125.3 MB.
System memory in use after: 125.4 MB.

Unloading 13 unused Assets to reduce memory usage. Loaded Objects now: 3475.
Total: 2.264800 ms (FindLiveObjects: 0.266700 ms CreateObjectMapping: 0.073200 ms MarkObjects: 1.824600 ms  DeleteObjects: 0.099400 ms)

AssetImportParameters requested are different than current active one (requested -> active):
  custom:graphics/normal-map-encoding: 01000000000000000000000000000000 -> 02000000000000000000000000000000
========================================================================
Received Prepare
Registering precompiled user dll's ...
Registered in 0.000804 seconds.
Begin MonoManager ReloadAssembly
Native extension for WindowsStandalone target not found
Refreshing native plugins compatible for Editor in 0.57 ms, found 1 plugins.
Preloading 0 native plugins for Editor in 0.00 ms.
Invoked RoslynAnalysisRunner static constructor.
RoslynAnalysisRunner will not be running.
RoslynAnalysisRunner has terminated.
Mono: successfully reloaded assembly
- Completed reload, in  0.715 seconds
Platform modules already initialized, skipping
Switching build target platform(5) subTarget(0) extendedPlatform(0) -> platform(13) subTarget(537395200) extendedPlatform(0)
Shader 'Universal Render Pipeline/Particles/Lit': fallback shader 'Universal Render Pipeline/Particles/SimpleLit' not found
Refreshing native plugins compatible for Editor in 0.56 ms, found 1 plugins.
Preloading 0 native plugins for Editor in 0.00 ms.
Unloading 2874 Unused Serialized files (Serialized files now loaded: 0)
System memory in use before: 125.3 MB.
System memory in use after: 125.4 MB.

Unloading 13 unused Assets to reduce memory usage. Loaded Objects now: 3478.
Total: 2.440500 ms (FindLiveObjects: 0.487700 ms CreateObjectMapping: 0.097200 ms MarkObjects: 1.756900 ms  DeleteObjects: 0.097700 ms)

AssetImportParameters requested are different than current active one (requested -> active):
  custom:graphics/normal-map-encoding: 01000000000000000000000000000000 -> 02000000000000000000000000000000
========================================================================
Received Prepare
Registering precompiled user dll's ...
Registered in 0.000771 seconds.
Begin MonoManager ReloadAssembly
Native extension for WindowsStandalone target not found
Refreshing native plugins compatible for Editor in 0.56 ms, found 1 plugins.
Preloading 0 native plugins for Editor in 0.00 ms.
Invoked RoslynAnalysisRunner static constructor.
RoslynAnalysisRunner will not be running.
RoslynAnalysisRunner has terminated.
Mono: successfully reloaded assembly
- Completed reload, in  0.712 seconds
Platform modules already initialized, skipping
Switching build target platform(5) subTarget(0) extendedPlatform(0) -> platform(13) subTarget(537395200) extendedPlatform(0)
Shader 'Universal Render Pipeline/Particles/Lit': fallback shader 'Universal Render Pipeline/Particles/SimpleLit' not found
Refreshing native plugins compatible for Editor in 0.55 ms, found 1 plugins.
Preloading 0 native plugins for Editor in 0.00 ms.
Unloading 2874 Unused Serialized files (Serialized files now loaded: 0)
System memory in use before: 125.3 MB.
System memory in use after: 125.4 MB.

Unloading 13 unused Assets to reduce memory usage. Loaded Objects now: 3481.
Total: 2.228400 ms (FindLiveObjects: 0.255300 ms CreateObjectMapping: 0.067300 ms MarkObjects: 1.814700 ms  DeleteObjects: 0.090300 ms)

AssetImportParameters requested are different than current active one (requested -> active):
  custom:graphics/normal-map-encoding: 01000000000000000000000000000000 -> 02000000000000000000000000000000
========================================================================
Received Prepare
Registering precompiled user dll's ...
Registered in 0.000805 seconds.
Begin MonoManager ReloadAssembly
Native extension for WindowsStandalone target not found
Refreshing native plugins compatible for Editor in 0.58 ms, found 1 plugins.
Preloading 0 native plugins for Editor in 0.00 ms.
Invoked RoslynAnalysisRunner static constructor.
RoslynAnalysisRunner will not be running.
RoslynAnalysisRunner has terminated.
Mono: successfully reloaded assembly
- Completed reload, in  0.719 seconds
Platform modules already initialized, skipping
Switching build target platform(5) subTarget(0) extendedPlatform(0) -> platform(13) subTarget(537395200) extendedPlatform(0)
Shader 'Universal Render Pipeline/Particles/Lit': fallback shader 'Universal Render Pipeline/Particles/SimpleLit' not found
Refreshing native plugins compatible for Editor in 0.46 ms, found 1 plugins.
Preloading 0 native plugins for Editor in 0.00 ms.
Unloading 2874 Unused Serialized files (Serialized files now loaded: 0)
System memory in use before: 125.3 MB.
System memory in use after: 125.4 MB.

Unloading 13 unused Assets to reduce memory usage. Loaded Objects now: 3484.
Total: 2.267100 ms (FindLiveObjects: 0.308500 ms CreateObjectMapping: 0.223000 ms MarkObjects: 1.644500 ms  DeleteObjects: 0.090000 ms)

AssetImportParameters requested are different than current active one (requested -> active):
  custom:graphics/normal-map-encoding: 01000000000000000000000000000000 -> 02000000000000000000000000000000
========================================================================
Received Prepare
Registering precompiled user dll's ...
Registered in 0.000797 seconds.
Begin MonoManager ReloadAssembly
Native extension for WindowsStandalone target not found
Refreshing native plugins compatible for Editor in 0.56 ms, found 1 plugins.
Preloading 0 native plugins for Editor in 0.00 ms.
Invoked RoslynAnalysisRunner static constructor.
RoslynAnalysisRunner will not be running.
RoslynAnalysisRunner has terminated.
Mono: successfully reloaded assembly
- Completed reload, in  0.709 seconds
Platform modules already initialized, skipping
Switching build target platform(5) subTarget(0) extendedPlatform(0) -> platform(13) subTarget(537395200) extendedPlatform(0)
Shader 'Universal Render Pipeline/Particles/Lit': fallback shader 'Universal Render Pipeline/Particles/SimpleLit' not found
Refreshing native plugins compatible for Editor in 0.43 ms, found 1 plugins.
Preloading 0 native plugins for Editor in 0.00 ms.
Unloading 2874 Unused Serialized files (Serialized files now loaded: 0)
System memory in use before: 125.3 MB.
System memory in use after: 125.4 MB.

Unloading 13 unused Assets to reduce memory usage. Loaded Objects now: 3487.
Total: 2.024600 ms (FindLiveObjects: 0.245700 ms CreateObjectMapping: 0.077800 ms MarkObjects: 1.614700 ms  DeleteObjects: 0.085400 ms)

AssetImportParameters requested are different than current active one (requested -> active):
  custom:graphics/normal-map-encoding: 01000000000000000000000000000000 -> 02000000000000000000000000000000
========================================================================
Received Prepare
Registering precompiled user dll's ...
Registered in 0.000821 seconds.
Begin MonoManager ReloadAssembly
Native extension for WindowsStandalone target not found
Refreshing native plugins compatible for Editor in 0.62 ms, found 1 plugins.
Preloading 0 native plugins for Editor in 0.00 ms.
Invoked RoslynAnalysisRunner static constructor.
RoslynAnalysisRunner will not be running.
RoslynAnalysisRunner has terminated.
Mono: successfully reloaded assembly
- Completed reload, in  0.717 seconds
Platform modules already initialized, skipping
Switching build target platform(5) subTarget(0) extendedPlatform(0) -> platform(13) subTarget(537395200) extendedPlatform(0)
Shader 'Universal Render Pipeline/Particles/Lit': fallback shader 'Universal Render Pipeline/Particles/SimpleLit' not found
Refreshing native plugins compatible for Editor in 0.57 ms, found 1 plugins.
Preloading 0 native plugins for Editor in 0.00 ms.
Unloading 2874 Unused Serialized files (Serialized files now loaded: 0)
System memory in use before: 125.3 MB.
System memory in use after: 125.4 MB.

Unloading 13 unused Assets to reduce memory usage. Loaded Objects now: 3490.
Total: 2.176200 ms (FindLiveObjects: 0.378800 ms CreateObjectMapping: 0.069100 ms MarkObjects: 1.630000 ms  DeleteObjects: 0.096900 ms)

AssetImportParameters requested are different than current active one (requested -> active):
  custom:graphics/normal-map-encoding: 01000000000000000000000000000000 -> 02000000000000000000000000000000
========================================================================
Received Prepare
Registering precompiled user dll's ...
Registered in 0.000887 seconds.
Begin MonoManager ReloadAssembly
Native extension for WindowsStandalone target not found
Refreshing native plugins compatible for Editor in 0.55 ms, found 1 plugins.
Preloading 0 native plugins for Editor in 0.00 ms.
Invoked RoslynAnalysisRunner static constructor.
RoslynAnalysisRunner will not be running.
RoslynAnalysisRunner has terminated.
Mono: successfully reloaded assembly
- Completed reload, in  0.705 seconds
Platform modules already initialized, skipping
Switching build target platform(5) subTarget(0) extendedPlatform(0) -> platform(13) subTarget(537395200) extendedPlatform(0)
Shader 'Universal Render Pipeline/Particles/Lit': fallback shader 'Universal Render Pipeline/Particles/SimpleLit' not found
Refreshing native plugins compatible for Editor in 0.50 ms, found 1 plugins.
Preloading 0 native plugins for Editor in 0.00 ms.
Unloading 2874 Unused Serialized files (Serialized files now loaded: 0)
System memory in use before: 125.3 MB.
System memory in use after: 125.4 MB.

Unloading 13 unused Assets to reduce memory usage. Loaded Objects now: 3493.
Total: 2.214100 ms (FindLiveObjects: 0.248400 ms CreateObjectMapping: 0.078400 ms MarkObjects: 1.791700 ms  DeleteObjects: 0.094700 ms)

AssetImportParameters requested are different than current active one (requested -> active):
  custom:graphics/normal-map-encoding: 01000000000000000000000000000000 -> 02000000000000000000000000000000
========================================================================
Received Import Request.
  Time since last request: 1499.434517 seconds.
  path: Assets/Scripts/HomeWork3
  artifactKey: Guid(a658fd08253c012448d8f704bdf5be06) Importer(815301076,1909f56bfc062723c751e8b465ee728b)
Start importing Assets/Scripts/HomeWork3 using Guid(a658fd08253c012448d8f704bdf5be06) Importer(815301076,1909f56bfc062723c751e8b465ee728b)  -> (artifact id: '4254e8655aa703382f8daded79449e1c') in 0.003732 seconds
  Import took 0.007523 seconds .

========================================================================
Received Import Request.
  Time since last request: 13.828222 seconds.
  path: Assets/Scripts/HomeWork3/Coin.cs
  artifactKey: Guid(51fe7b171b3c8304d9b6606bcf5245b0) Importer(815301076,1909f56bfc062723c751e8b465ee728b)
Start importing Assets/Scripts/HomeWork3/Coin.cs using Guid(51fe7b171b3c8304d9b6606bcf5245b0) Importer(815301076,1909f56bfc062723c751e8b465ee728b)  -> (artifact id: '3e11d10ed6b167ac886e9bb7f8690241') in 0.001514 seconds
  Import took 0.006686 seconds .

========================================================================
Received Prepare
Registering precompiled user dll's ...
Registered in 0.000895 seconds.
Begin MonoManager ReloadAssembly
Native extension for WindowsStandalone target not found
Refreshing native plugins compatible for Editor in 0.56 ms, found 1 plugins.
Preloading 0 native plugins for Editor in 0.00 ms.
Invoked RoslynAnalysisRunner static constructor.
RoslynAnalysisRunner will not be running.
RoslynAnalysisRunner has terminated.
Mono: successfully reloaded assembly
- Completed reload, in  0.708 seconds
Platform modules already initialized, skipping
Switching build target platform(5) subTarget(0) extendedPlatform(0) -> platform(13) subTarget(537395200) extendedPlatform(0)
Shader 'Universal Render Pipeline/Particles/Lit': fallback shader 'Universal Render Pipeline/Particles/SimpleLit' not found
Refreshing native plugins compatible for Editor in 0.55 ms, found 1 plugins.
Preloading 0 native plugins for Editor in 0.00 ms.
Unloading 2875 Unused Serialized files (Serialized files now loaded: 0)
System memory in use before: 125.4 MB.
System memory in use after: 125.5 MB.

Unloading 13 unused Assets to reduce memory usage. Loaded Objects now: 3497.
Total: 2.272000 ms (FindLiveObjects: 0.275000 ms CreateObjectMapping: 0.073300 ms MarkObjects: 1.824100 ms  DeleteObjects: 0.098600 ms)

AssetImportParameters requested are different than current active one (requested -> active):
  custom:graphics/normal-map-encoding: 01000000000000000000000000000000 -> 02000000000000000000000000000000
========================================================================
Received Import Request.
  Time since last request: 22.716152 seconds.
  path: Assets/Scripts/HomeWork3/CoinCount.cs
  artifactKey: Guid(8d2d2be6176104e4f9efb42d93271aed) Importer(815301076,1909f56bfc062723c751e8b465ee728b)
Start importing Assets/Scripts/HomeWork3/CoinCount.cs using Guid(8d2d2be6176104e4f9efb42d93271aed) Importer(815301076,1909f56bfc062723c751e8b465ee728b)  -> (artifact id: '03ef0ec6317e3d585272e964d9caf022') in 0.004131 seconds
  Import took 0.008163 seconds .

========================================================================
Received Prepare
Registering precompiled user dll's ...
Registered in 0.000944 seconds.
Begin MonoManager ReloadAssembly
Native extension for WindowsStandalone target not found
Refreshing native plugins compatible for Editor in 0.59 ms, found 1 plugins.
Preloading 0 native plugins for Editor in 0.00 ms.
Invoked RoslynAnalysisRunner static constructor.
RoslynAnalysisRunner will not be running.
RoslynAnalysisRunner has terminated.
Mono: successfully reloaded assembly
- Completed reload, in  0.745 seconds
Platform modules already initialized, skipping
Switching build target platform(5) subTarget(0) extendedPlatform(0) -> platform(13) subTarget(537395200) extendedPlatform(0)
Shader 'Universal Render Pipeline/Particles/Lit': fallback shader 'Universal Render Pipeline/Particles/SimpleLit' not found
Refreshing native plugins compatible for Editor in 0.59 ms, found 1 plugins.
Preloading 0 native plugins for Editor in 0.00 ms.
Unloading 2876 Unused Serialized files (Serialized files now loaded: 0)
System memory in use before: 125.4 MB.
System memory in use after: 125.5 MB.

Unloading 13 unused Assets to reduce memory usage. Loaded Objects now: 3501.
Total: 2.226800 ms (FindLiveObjects: 0.257600 ms CreateObjectMapping: 0.070300 ms MarkObjects: 1.804000 ms  DeleteObjects: 0.094100 ms)

AssetImportParameters requested are different than current active one (requested -> active):
  custom:graphics/normal-map-encoding: 01000000000000000000000000000000 -> 02000000000000000000000000000000
========================================================================
Received Import Request.
  Time since last request: 182.615110 seconds.
  path: Assets/Free Game Items/96dpi
  artifactKey: Guid(6880c46283a35c5479c6c49bbcc3beec) Importer(815301076,1909f56bfc062723c751e8b465ee728b)
Start importing Assets/Free Game Items/96dpi using Guid(6880c46283a35c5479c6c49bbcc3beec) Importer(815301076,1909f56bfc062723c751e8b465ee728b)  -> (artifact id: 'ba737fe61f6bd88329f396d4e73a7a1c') in 0.004435 seconds
  Import took 0.009135 seconds .

========================================================================
Received Import Request.
  Time since last request: 15.361574 seconds.
  path: Assets/Free Game Items/96dpi/bronze_coin.png
  artifactKey: Guid(e275e9f15c58d384f9346765f69e49d1) Importer(815301076,1909f56bfc062723c751e8b465ee728b)
Start importing Assets/Free Game Items/96dpi/bronze_coin.png using Guid(e275e9f15c58d384f9346765f69e49d1) Importer(815301076,1909f56bfc062723c751e8b465ee728b)  -> (artifact id: '89e6a568b9aaad1b3bbfbe1f7b260d12') in 0.056121 seconds
  Import took 0.060185 seconds .

========================================================================
Received Import Request.
  Time since last request: 15.291557 seconds.
  path: Assets/Free Game Items/96dpi/bronze_coin.png
  artifactKey: Guid(e275e9f15c58d384f9346765f69e49d1) Importer(815301076,1909f56bfc062723c751e8b465ee728b)
Start importing Assets/Free Game Items/96dpi/bronze_coin.png using Guid(e275e9f15c58d384f9346765f69e49d1) Importer(815301076,1909f56bfc062723c751e8b465ee728b)  -> (artifact id: 'e2c28da10b97326100635b3cd1d44288') in 0.005716 seconds
  Import took 0.010372 seconds .

========================================================================
Received Import Request.
  Time since last request: 384.238362 seconds.
  path: Assets/Scripts/HomeWork3/CoinSpawner.cs
  artifactKey: Guid(6e9266edfa6e1ce469079944c995fb4b) Importer(815301076,1909f56bfc062723c751e8b465ee728b)
Start importing Assets/Scripts/HomeWork3/CoinSpawner.cs using Guid(6e9266edfa6e1ce469079944c995fb4b) Importer(815301076,1909f56bfc062723c751e8b465ee728b)  -> (artifact id: '488d7a641d0a6b7cc42a00d1bdddffb2') in 0.000957 seconds
  Import took 0.005295 seconds .

========================================================================
Received Prepare
Registering precompiled user dll's ...
Registered in 0.001028 seconds.
Begin MonoManager ReloadAssembly
Native extension for WindowsStandalone target not found
Refreshing native plugins compatible for Editor in 0.59 ms, found 1 plugins.
Preloading 0 native plugins for Editor in 0.00 ms.
Invoked RoslynAnalysisRunner static constructor.
RoslynAnalysisRunner will not be running.
RoslynAnalysisRunner has terminated.
Mono: successfully reloaded assembly
- Completed reload, in  0.763 seconds
Platform modules already initialized, skipping
Switching build target platform(5) subTarget(0) extendedPlatform(0) -> platform(13) subTarget(537395200) extendedPlatform(0)
Shader 'Universal Render Pipeline/Particles/Lit': fallback shader 'Universal Render Pipeline/Particles/SimpleLit' not found
Refreshing native plugins compatible for Editor in 0.59 ms, found 1 plugins.
Preloading 0 native plugins for Editor in 0.00 ms.
Unloading 2877 Unused Serialized files (Serialized files now loaded: 0)
System memory in use before: 128.4 MB.
System memory in use after: 128.5 MB.

Unloading 13 unused Assets to reduce memory usage. Loaded Objects now: 3511.
Total: 2.224000 ms (FindLiveObjects: 0.269000 ms CreateObjectMapping: 0.070200 ms MarkObjects: 1.788900 ms  DeleteObjects: 0.094800 ms)

AssetImportParameters requested are different than current active one (requested -> active):
  custom:graphics/normal-map-encoding: 01000000000000000000000000000000 -> 02000000000000000000000000000000
========================================================================
Received Prepare
Registering precompiled user dll's ...
Registered in 0.000968 seconds.
Begin MonoManager ReloadAssembly
Native extension for WindowsStandalone target not found
Refreshing native plugins compatible for Editor in 0.65 ms, found 1 plugins.
Preloading 0 native plugins for Editor in 0.00 ms.
Invoked RoslynAnalysisRunner static constructor.
RoslynAnalysisRunner will not be running.
RoslynAnalysisRunner has terminated.
Mono: successfully reloaded assembly
- Completed reload, in  0.728 seconds
Platform modules already initialized, skipping
Switching build target platform(5) subTarget(0) extendedPlatform(0) -> platform(13) subTarget(537395200) extendedPlatform(0)
Shader 'Universal Render Pipeline/Particles/Lit': fallback shader 'Universal Render Pipeline/Particles/SimpleLit' not found
Refreshing native plugins compatible for Editor in 0.56 ms, found 1 plugins.
Preloading 0 native plugins for Editor in 0.00 ms.
Unloading 2877 Unused Serialized files (Serialized files now loaded: 0)
System memory in use before: 128.4 MB.
System memory in use after: 128.5 MB.

Unloading 13 unused Assets to reduce memory usage. Loaded Objects now: 3514.
Total: 2.267500 ms (FindLiveObjects: 0.351300 ms CreateObjectMapping: 0.067900 ms MarkObjects: 1.753000 ms  DeleteObjects: 0.094400 ms)

AssetImportParameters requested are different than current active one (requested -> active):
  custom:graphics/normal-map-encoding: 01000000000000000000000000000000 -> 02000000000000000000000000000000
========================================================================
Received Import Request.
  Time since last request: 362.029750 seconds.
  path: Assets/Scripts/HomeWork3/CoinSpawner.cs
  artifactKey: Guid(6e9266edfa6e1ce469079944c995fb4b) Importer(815301076,1909f56bfc062723c751e8b465ee728b)
Start importing Assets/Scripts/HomeWork3/CoinSpawner.cs using Guid(6e9266edfa6e1ce469079944c995fb4b) Importer(815301076,1909f56bfc062723c751e8b465ee728b)  -> (artifact id: 'aab5a009ffacd59ea643f3cdee816b4a') in 0.003977 seconds
  Import took 0.008168 seconds .

========================================================================
Received Prepare
Registering precompiled user dll's ...
Registered in 0.000970 seconds.
Begin MonoManager ReloadAssembly
Native extension for WindowsStandalone target not found
Refreshing native plugins compatible for Editor in 0.55 ms, found 1 plugins.
Preloading 0 native plugins for Editor in 0.00 ms.
Invoked RoslynAnalysisRunner static constructor.
RoslynAnalysisRunner will not be running.
RoslynAnalysisRunner has terminated.
Mono: successfully reloaded assembly
- Completed reload, in  0.731 seconds
Platform modules already initialized, skipping
Switching build target platform(5) subTarget(0) extendedPlatform(0) -> platform(13) subTarget(537395200) extendedPlatform(0)
Shader 'Universal Render Pipeline/Particles/Lit': fallback shader 'Universal Render Pipeline/Particles/SimpleLit' not found
Refreshing native plugins compatible for Editor in 0.58 ms, found 1 plugins.
Preloading 0 native plugins for Editor in 0.00 ms.
Unloading 2877 Unused Serialized files (Serialized files now loaded: 0)
System memory in use before: 128.4 MB.
System memory in use after: 128.5 MB.

Unloading 13 unused Assets to reduce memory usage. Loaded Objects now: 3517.
Total: 2.236600 ms (FindLiveObjects: 0.292400 ms CreateObjectMapping: 0.180600 ms MarkObjects: 1.669600 ms  DeleteObjects: 0.092900 ms)

AssetImportParameters requested are different than current active one (requested -> active):
  custom:graphics/normal-map-encoding: 01000000000000000000000000000000 -> 02000000000000000000000000000000
========================================================================
Received Prepare
Registering precompiled user dll's ...
Registered in 0.001247 seconds.
Begin MonoManager ReloadAssembly
Native extension for WindowsStandalone target not found
Refreshing native plugins compatible for Editor in 0.63 ms, found 1 plugins.
Preloading 0 native plugins for Editor in 0.00 ms.
Invoked RoslynAnalysisRunner static constructor.
RoslynAnalysisRunner will not be running.
RoslynAnalysisRunner has terminated.
Mono: successfully reloaded assembly
- Completed reload, in  0.711 seconds
Platform modules already initialized, skipping
Switching build target platform(5) subTarget(0) extendedPlatform(0) -> platform(13) subTarget(537395200) extendedPlatform(0)
Shader 'Universal Render Pipeline/Particles/Lit': fallback shader 'Universal Render Pipeline/Particles/SimpleLit' not found
Refreshing native plugins compatible for Editor in 0.52 ms, found 1 plugins.
Preloading 0 native plugins for Editor in 0.00 ms.
Unloading 2877 Unused Serialized files (Serialized files now loaded: 0)
System memory in use before: 128.4 MB.
System memory in use after: 128.5 MB.

Unloading 13 unused Assets to reduce memory usage. Loaded Objects now: 3520.
Total: 2.050700 ms (FindLiveObjects: 0.276300 ms CreateObjectMapping: 0.084700 ms MarkObjects: 1.601200 ms  DeleteObjects: 0.087700 ms)

AssetImportParameters requested are different than current active one (requested -> active):
  custom:graphics/normal-map-encoding: 01000000000000000000000000000000 -> 02000000000000000000000000000000
========================================================================
Received Import Request.
  Time since last request: 593.796009 seconds.
  path: Assets/Prefab/Coin.prefab
  artifactKey: Guid(087532febf669194a8ac5451849425f0) Importer(815301076,1909f56bfc062723c751e8b465ee728b)
Start importing Assets/Prefab/Coin.prefab using Guid(087532febf669194a8ac5451849425f0) Importer(815301076,1909f56bfc062723c751e8b465ee728b)  -> (artifact id: 'a4f3f0a1da5b8296da50e5d68be79dda') in 0.120563 seconds
  Import took 0.124822 seconds .

========================================================================
Received Prepare
Registering precompiled user dll's ...
Registered in 0.001078 seconds.
Begin MonoManager ReloadAssembly
Native extension for WindowsStandalone target not found
Refreshing native plugins compatible for Editor in 0.55 ms, found 1 plugins.
Preloading 0 native plugins for Editor in 0.00 ms.
Invoked RoslynAnalysisRunner static constructor.
RoslynAnalysisRunner will not be running.
RoslynAnalysisRunner has terminated.
Mono: successfully reloaded assembly
- Completed reload, in  0.749 seconds
Platform modules already initialized, skipping
Switching build target platform(5) subTarget(0) extendedPlatform(0) -> platform(13) subTarget(537395200) extendedPlatform(0)
Shader 'Universal Render Pipeline/Particles/Lit': fallback shader 'Universal Render Pipeline/Particles/SimpleLit' not found
Refreshing native plugins compatible for Editor in 0.54 ms, found 1 plugins.
Preloading 0 native plugins for Editor in 0.00 ms.
Unloading 2877 Unused Serialized files (Serialized files now loaded: 0)
System memory in use before: 130.6 MB.
System memory in use after: 130.7 MB.

Unloading 13 unused Assets to reduce memory usage. Loaded Objects now: 3566.
Total: 2.182500 ms (FindLiveObjects: 0.248500 ms CreateObjectMapping: 0.072700 ms MarkObjects: 1.767500 ms  DeleteObjects: 0.093100 ms)

AssetImportParameters requested are different than current active one (requested -> active):
  custom:graphics/normal-map-encoding: 01000000000000000000000000000000 -> 02000000000000000000000000000000
========================================================================
Received Import Request.
  Time since last request: 42.223820 seconds.
  path: Assets/Prefab/Coin.prefab
  artifactKey: Guid(087532febf669194a8ac5451849425f0) Importer(815301076,1909f56bfc062723c751e8b465ee728b)
Start importing Assets/Prefab/Coin.prefab using Guid(087532febf669194a8ac5451849425f0) Importer(815301076,1909f56bfc062723c751e8b465ee728b)  -> (artifact id: 'f94f126a7f837aaf1dd8607f61647df2') in 0.106441 seconds
  Import took 0.110781 seconds .

========================================================================
Received Import Request.
  Time since last request: 0.009564 seconds.
  path: Assets/Prefab/Coin.prefab
  artifactKey: Guid(087532febf669194a8ac5451849425f0) Importer(815301076,1909f56bfc062723c751e8b465ee728b)
Start importing Assets/Prefab/Coin.prefab using Guid(087532febf669194a8ac5451849425f0) Importer(815301076,1909f56bfc062723c751e8b465ee728b)  -> (artifact id: 'f94f126a7f837aaf1dd8607f61647df2') in 0.005109 seconds
  Import took 0.009004 seconds .

========================================================================
Received Prepare
Registering precompiled user dll's ...
Registered in 0.001040 seconds.
Begin MonoManager ReloadAssembly
Native extension for WindowsStandalone target not found
Refreshing native plugins compatible for Editor in 0.56 ms, found 1 plugins.
Preloading 0 native plugins for Editor in 0.00 ms.
Invoked RoslynAnalysisRunner static constructor.
RoslynAnalysisRunner will not be running.
RoslynAnalysisRunner has terminated.
Mono: successfully reloaded assembly
- Completed reload, in  0.772 seconds
Platform modules already initialized, skipping
Switching build target platform(5) subTarget(0) extendedPlatform(0) -> platform(13) subTarget(537395200) extendedPlatform(0)
Shader 'Universal Render Pipeline/Particles/Lit': fallback shader 'Universal Render Pipeline/Particles/SimpleLit' not found
Refreshing native plugins compatible for Editor in 0.59 ms, found 1 plugins.
Preloading 0 native plugins for Editor in 0.00 ms.
Unloading 2877 Unused Serialized files (Serialized files now loaded: 0)
System memory in use before: 130.7 MB.
System memory in use after: 130.8 MB.

Unloading 13 unused Assets to reduce memory usage. Loaded Objects now: 3605.
Total: 2.328800 ms (FindLiveObjects: 0.270500 ms CreateObjectMapping: 0.068600 ms MarkObjects: 1.884700 ms  DeleteObjects: 0.104100 ms)

AssetImportParameters requested are different than current active one (requested -> active):
  custom:graphics/normal-map-encoding: 01000000000000000000000000000000 -> 02000000000000000000000000000000
========================================================================
Received Prepare
Registering precompiled user dll's ...
Registered in 0.000943 seconds.
Begin MonoManager ReloadAssembly
Native extension for WindowsStandalone target not found
Refreshing native plugins compatible for Editor in 0.58 ms, found 1 plugins.
Preloading 0 native plugins for Editor in 0.00 ms.
Invoked RoslynAnalysisRunner static constructor.
RoslynAnalysisRunner will not be running.
RoslynAnalysisRunner has terminated.
Mono: successfully reloaded assembly
- Completed reload, in  0.757 seconds
Platform modules already initialized, skipping
Switching build target platform(5) subTarget(0) extendedPlatform(0) -> platform(13) subTarget(537395200) extendedPlatform(0)
Shader 'Universal Render Pipeline/Particles/Lit': fallback shader 'Universal Render Pipeline/Particles/SimpleLit' not found
Refreshing native plugins compatible for Editor in 0.54 ms, found 1 plugins.
Preloading 0 native plugins for Editor in 0.00 ms.
Unloading 2877 Unused Serialized files (Serialized files now loaded: 0)
System memory in use before: 130.7 MB.
System memory in use after: 130.8 MB.

Unloading 13 unused Assets to reduce memory usage. Loaded Objects now: 3608.
Total: 2.364600 ms (FindLiveObjects: 0.285100 ms CreateObjectMapping: 0.081000 ms MarkObjects: 1.897200 ms  DeleteObjects: 0.100300 ms)

AssetImportParameters requested are different than current active one (requested -> active):
  custom:graphics/normal-map-encoding: 01000000000000000000000000000000 -> 02000000000000000000000000000000
========================================================================
Received Prepare
Registering precompiled user dll's ...
Registered in 0.000973 seconds.
Begin MonoManager ReloadAssembly
Native extension for WindowsStandalone target not found
Refreshing native plugins compatible for Editor in 0.55 ms, found 1 plugins.
Preloading 0 native plugins for Editor in 0.00 ms.
Invoked RoslynAnalysisRunner static constructor.
RoslynAnalysisRunner will not be running.
RoslynAnalysisRunner has terminated.
Mono: successfully reloaded assembly
- Completed reload, in  0.777 seconds
Platform modules already initialized, skipping
Switching build target platform(5) subTarget(0) extendedPlatform(0) -> platform(13) subTarget(537395200) extendedPlatform(0)
Shader 'Universal Render Pipeline/Particles/Lit': fallback shader 'Universal Render Pipeline/Particles/SimpleLit' not found
Refreshing native plugins compatible for Editor in 0.52 ms, found 1 plugins.
Preloading 0 native plugins for Editor in 0.00 ms.
Unloading 2877 Unused Serialized files (Serialized files now loaded: 0)
System memory in use before: 130.7 MB.
System memory in use after: 130.8 MB.

Unloading 13 unused Assets to reduce memory usage. Loaded Objects now: 3611.
Total: 2.309600 ms (FindLiveObjects: 0.316300 ms CreateObjectMapping: 0.073000 ms MarkObjects: 1.826900 ms  DeleteObjects: 0.092500 ms)

AssetImportParameters requested are different than current active one (requested -> active):
  custom:graphics/normal-map-encoding: 01000000000000000000000000000000 -> 02000000000000000000000000000000
========================================================================
Received Import Request.
  Time since last request: 514.798353 seconds.
  path: Assets/Prefab/Coin.prefab
  artifactKey: Guid(087532febf669194a8ac5451849425f0) Importer(815301076,1909f56bfc062723c751e8b465ee728b)
Start importing Assets/Prefab/Coin.prefab using Guid(087532febf669194a8ac5451849425f0) Importer(815301076,1909f56bfc062723c751e8b465ee728b)  -> (artifact id: '831a6745e6434080e1130fca084334f1') in 0.132834 seconds
  Import took 0.137619 seconds .

========================================================================
Received Import Request.
  Time since last request: 20.856922 seconds.
  path: Assets/Prefab/Coin.prefab
  artifactKey: Guid(087532febf669194a8ac5451849425f0) Importer(815301076,1909f56bfc062723c751e8b465ee728b)
Start importing Assets/Prefab/Coin.prefab using Guid(087532febf669194a8ac5451849425f0) Importer(815301076,1909f56bfc062723c751e8b465ee728b)  -> (artifact id: '01b9f8933f268fa43351ae6d349e76ff') in 0.006533 seconds
  Import took 0.010724 seconds .

========================================================================
Received Import Request.
  Time since last request: 4.640300 seconds.
  path: Assets/2D Hand Painted/$Common/Editor/2D Hand Painted Editor.asmdef
  artifactKey: Guid(998ec1725c0764e2ba01f9661105b474) Importer(815301076,1909f56bfc062723c751e8b465ee728b)
Start importing Assets/2D Hand Painted/$Common/Editor/2D Hand Painted Editor.asmdef using Guid(998ec1725c0764e2ba01f9661105b474) Importer(815301076,1909f56bfc062723c751e8b465ee728b)  -> (artifact id: '05e9cf12857d5cb2e8df6b99827e4ebc') in 0.002030 seconds
  Import took 0.006205 seconds .

========================================================================
Received Import Request.
  Time since last request: 0.000141 seconds.
  path: Assets/Ninja Files/Ninja PNG/Parts/4.png
  artifactKey: Guid(f903d1b2fe6a25041a892be301d187e4) Importer(815301076,1909f56bfc062723c751e8b465ee728b)
Start importing Assets/Ninja Files/Ninja PNG/Parts/4.png using Guid(f903d1b2fe6a25041a892be301d187e4) Importer(815301076,1909f56bfc062723c751e8b465ee728b)  -> (artifact id: 'c07d0f5414e94d6bd816c95f126f417d') in 0.077944 seconds
  Import took 0.081385 seconds .

========================================================================
Received Import Request.
  Time since last request: 0.000121 seconds.
  path: Assets/2D Hand Painted/Sample/Prefabs/Structure Components/Attic 1.prefab
  artifactKey: Guid(f899c58a121e742c59b1da9d30e6de48) Importer(815301076,1909f56bfc062723c751e8b465ee728b)
Start importing Assets/2D Hand Painted/Sample/Prefabs/Structure Components/Attic 1.prefab using Guid(f899c58a121e742c59b1da9d30e6de48) Importer(815301076,1909f56bfc062723c751e8b465ee728b)  -> (artifact id: 'bb02384843f0f59eff8cc60dea24fe7b') in 0.731071 seconds
  Import took 0.734591 seconds .

========================================================================
Received Import Request.
  Time since last request: 0.000146 seconds.
  path: Assets/Free Game Items/300dpi/backpack-2.png
  artifactKey: Guid(3f69ebcf2fe7fcc4b8d1566ec5839fed) Importer(815301076,1909f56bfc062723c751e8b465ee728b)
Start importing Assets/Free Game Items/300dpi/backpack-2.png using Guid(3f69ebcf2fe7fcc4b8d1566ec5839fed) Importer(815301076,1909f56bfc062723c751e8b465ee728b)  -> (artifact id: '6d25c225c1d173470f7a1f0767e55d84') in 0.006820 seconds
  Import took 0.010205 seconds .

========================================================================
Received Import Request.
  Time since last request: 0.000135 seconds.
  path: Assets/Free Game Items/96dpi/bomb.png
  artifactKey: Guid(db87746129cc599478e1ae8cecedefd7) Importer(815301076,1909f56bfc062723c751e8b465ee728b)
Start importing Assets/Free Game Items/96dpi/bomb.png using Guid(db87746129cc599478e1ae8cecedefd7) Importer(815301076,1909f56bfc062723c751e8b465ee728b)  -> (artifact id: 'ac5c837c4e1d4b8b08dbee67769ff2db') in 0.008618 seconds
  Import took 0.012596 seconds .

========================================================================
Received Import Request.
  Time since last request: 0.000153 seconds.
  path: Assets/Free Game Items/96dpi/belt.png
  artifactKey: Guid(d86414d0f9dab17468a82adb2de3b623) Importer(815301076,1909f56bfc062723c751e8b465ee728b)
Start importing Assets/Free Game Items/96dpi/belt.png using Guid(d86414d0f9dab17468a82adb2de3b623) Importer(815301076,1909f56bfc062723c751e8b465ee728b)  -> (artifact id: 'db8dc9063a8f9e10c83d4692920beff2') in 0.005507 seconds
  Import took 0.009119 seconds .

========================================================================
Received Import Request.
  Time since last request: 0.000133 seconds.
  path: Assets/2D Hand Painted/Sample/Prefabs/Structure Components/Beam 8.prefab
  artifactKey: Guid(548fa6c45f46549e5bdb50a91336c981) Importer(815301076,1909f56bfc062723c751e8b465ee728b)
Start importing Assets/2D Hand Painted/Sample/Prefabs/Structure Components/Beam 8.prefab using Guid(548fa6c45f46549e5bdb50a91336c981) Importer(815301076,1909f56bfc062723c751e8b465ee728b)  -> (artifact id: 'e0cbfa25624931677bdfbc3e2d6674c4') in 0.099375 seconds
  Import took 0.112889 seconds .

========================================================================
Received Import Request.
  Time since last request: 0.000154 seconds.
  path: Assets/Free Game Items/96dpi/ammo.png
  artifactKey: Guid(89f23bff12960d44b9e2ff317502a1eb) Importer(815301076,1909f56bfc062723c751e8b465ee728b)
Start importing Assets/Free Game Items/96dpi/ammo.png using Guid(89f23bff12960d44b9e2ff317502a1eb) Importer(815301076,1909f56bfc062723c751e8b465ee728b)  -> (artifact id: '6c4cd3a467646d390324be33d38a1658') in 0.005963 seconds
  Import took 0.009348 seconds .

========================================================================
Received Import Request.
  Time since last request: 0.000128 seconds.
  path: Assets/Free Game Items/96dpi/backpack-1.png
  artifactKey: Guid(299599986b195ec44ba0d4bf6f4d4804) Importer(815301076,1909f56bfc062723c751e8b465ee728b)
Start importing Assets/Free Game Items/96dpi/backpack-1.png using Guid(299599986b195ec44ba0d4bf6f4d4804) Importer(815301076,1909f56bfc062723c751e8b465ee728b)  -> (artifact id: '55514c09d34b33d355aa3dc83cf06a9a') in 0.007615 seconds
  Import took 0.011048 seconds .

========================================================================
Received Import Request.
  Time since last request: 0.000122 seconds.
  path: Assets/Free Game Items/96dpi/backpack-2.png
  artifactKey: Guid(e9b36b9e47f1f49468dc8b9c2a18927d) Importer(815301076,1909f56bfc062723c751e8b465ee728b)
Start importing Assets/Free Game Items/96dpi/backpack-2.png using Guid(e9b36b9e47f1f49468dc8b9c2a18927d) Importer(815301076,1909f56bfc062723c751e8b465ee728b)  -> (artifact id: '47e724513b7705fe8b447c9bd596ce23') in 0.005507 seconds
  Import took 0.008862 seconds .

========================================================================
Received Import Request.
  Time since last request: 0.000131 seconds.
  path: Assets/Free Game Items/150dpi/bandage.png
  artifactKey: Guid(2d221536262037b42833afa8c64081d0) Importer(815301076,1909f56bfc062723c751e8b465ee728b)
Start importing Assets/Free Game Items/150dpi/bandage.png using Guid(2d221536262037b42833afa8c64081d0) Importer(815301076,1909f56bfc062723c751e8b465ee728b)  -> (artifact id: '4e45868a566489cd6a8e07c008bbe9c6') in 0.006986 seconds
  Import took 0.010443 seconds .

========================================================================
Received Import Request.
  Time since last request: 0.000142 seconds.
  path: Assets/Free Game Items/96dpi/bandage.png
  artifactKey: Guid(55d319343d6d686429960c7dce53140d) Importer(815301076,1909f56bfc062723c751e8b465ee728b)
Start importing Assets/Free Game Items/96dpi/bandage.png using Guid(55d319343d6d686429960c7dce53140d) Importer(815301076,1909f56bfc062723c751e8b465ee728b)  -> (artifact id: '5b74e0f654058938c19ed3c36f9aeefd') in 0.005751 seconds
  Import took 0.009020 seconds .

========================================================================
Received Import Request.
  Time since last request: 0.000129 seconds.
  path: Assets/Free Game Items/300dpi/belt.png
  artifactKey: Guid(183ad819c4751ff4b9fde52018778b0c) Importer(815301076,1909f56bfc062723c751e8b465ee728b)
Start importing Assets/Free Game Items/300dpi/belt.png using Guid(183ad819c4751ff4b9fde52018778b0c) Importer(815301076,1909f56bfc062723c751e8b465ee728b)  -> (artifact id: '4692e6a6ea74103bbab6a7ef0eeb0380') in 0.006390 seconds
  Import took 0.009897 seconds .

========================================================================
Received Import Request.
  Time since last request: 0.000142 seconds.
  path: Assets/Free Game Items/150dpi/backpack-1.png
  artifactKey: Guid(0359593d501c6fe43a5177a20904233a) Importer(815301076,1909f56bfc062723c751e8b465ee728b)
Start importing Assets/Free Game Items/150dpi/backpack-1.png using Guid(0359593d501c6fe43a5177a20904233a) Importer(815301076,1909f56bfc062723c751e8b465ee728b)  -> (artifact id: '0d01a2411735c95b1b5ae940996bce3b') in 0.006417 seconds
  Import took 0.009784 seconds .

========================================================================
Received Import Request.
  Time since last request: 0.000151 seconds.
  path: Assets/Free Game Items/300dpi/bandage.png
  artifactKey: Guid(720cd1c005f7fe54fbe270433f5424aa) Importer(815301076,1909f56bfc062723c751e8b465ee728b)
Start importing Assets/Free Game Items/300dpi/bandage.png using Guid(720cd1c005f7fe54fbe270433f5424aa) Importer(815301076,1909f56bfc062723c751e8b465ee728b)  -> (artifact id: 'd1fef402453edc69d954dc640b31f914') in 0.005953 seconds
  Import took 0.009345 seconds .

========================================================================
Received Import Request.
  Time since last request: 0.000139 seconds.
  path: Assets/Free Game Items/150dpi/bomb.png
  artifactKey: Guid(cacbda78d462c744499e8adb7ad49c33) Importer(815301076,1909f56bfc062723c751e8b465ee728b)
Start importing Assets/Free Game Items/150dpi/bomb.png using Guid(cacbda78d462c744499e8adb7ad49c33) Importer(815301076,1909f56bfc062723c751e8b465ee728b)  -> (artifact id: 'adae201a6efe8ac45b969f67d9ece698') in 0.006522 seconds
  Import took 0.009886 seconds .

========================================================================
Received Import Request.
  Time since last request: 0.000137 seconds.
  path: Assets/2D Hand Painted/Sample/Prefabs/Structure Components/Beam 13.prefab
  artifactKey: Guid(e4a51dbc91d39442f92b8ad760ca646f) Importer(815301076,1909f56bfc062723c751e8b465ee728b)
Start importing Assets/2D Hand Painted/Sample/Prefabs/Structure Components/Beam 13.prefab using Guid(e4a51dbc91d39442f92b8ad760ca646f) Importer(815301076,1909f56bfc062723c751e8b465ee728b)  -> (artifact id: '908d533320d8b80b5ffd98e63bf6e8a8') in 0.043215 seconds
  Import took 0.046774 seconds .

========================================================================
Received Import Request.
  Time since last request: 0.000155 seconds.
  path: Assets/Free Game Items/150dpi/backpack-2.png
  artifactKey: Guid(8dd922e0d91017f4eb28b71fe3f476d6) Importer(815301076,1909f56bfc062723c751e8b465ee728b)
Start importing Assets/Free Game Items/150dpi/backpack-2.png using Guid(8dd922e0d91017f4eb28b71fe3f476d6) Importer(815301076,1909f56bfc062723c751e8b465ee728b)  -> (artifact id: '5b3df2759927fe7a262da27c0c6dcc84') in 0.005769 seconds
  Import took 0.009020 seconds .

========================================================================
Received Import Request.
  Time since last request: 0.000121 seconds.
  path: Assets/2D Hand Painted/Sample/Prefabs/Structure Components/Beam 15.prefab
  artifactKey: Guid(6c64a8d219b914065a659a3ac2cf37fa) Importer(815301076,1909f56bfc062723c751e8b465ee728b)
Start importing Assets/2D Hand Painted/Sample/Prefabs/Structure Components/Beam 15.prefab using Guid(6c64a8d219b914065a659a3ac2cf37fa) Importer(815301076,1909f56bfc062723c751e8b465ee728b)  -> (artifact id: '35ab5ed351dfec0c24d6516d2ef6d408') in 0.043910 seconds
  Import took 0.047456 seconds .

========================================================================
Received Import Request.
  Time since last request: 0.000132 seconds.
  path: Assets/Free Game Items/300dpi/bomb.png
  artifactKey: Guid(1f4a0aae86ebe3a4abe7d92019f422cb) Importer(815301076,1909f56bfc062723c751e8b465ee728b)
Start importing Assets/Free Game Items/300dpi/bomb.png using Guid(1f4a0aae86ebe3a4abe7d92019f422cb) Importer(815301076,1909f56bfc062723c751e8b465ee728b)  -> (artifact id: '9ad00bbdfa7c8a5bd9b2402e7bccea7c') in 0.005934 seconds
  Import took 0.009394 seconds .

========================================================================
Received Import Request.
  Time since last request: 0.000132 seconds.
  path: Assets/Free Game Items/150dpi/ammo.png
  artifactKey: Guid(aa57974480905bf499820ea43667c426) Importer(815301076,1909f56bfc062723c751e8b465ee728b)
Start importing Assets/Free Game Items/150dpi/ammo.png using Guid(aa57974480905bf499820ea43667c426) Importer(815301076,1909f56bfc062723c751e8b465ee728b)  -> (artifact id: 'bb7f66c4f37c431d0de68f1768bc36a8') in 0.005518 seconds
  Import took 0.008879 seconds .

========================================================================
Received Import Request.
  Time since last request: 0.000176 seconds.
  path: Assets/2D Hand Painted/Sample/Prefabs/Structure Components/Beam 16.prefab
  artifactKey: Guid(26224b2ec4f8749eebc290c031b9853a) Importer(815301076,1909f56bfc062723c751e8b465ee728b)
Start importing Assets/2D Hand Painted/Sample/Prefabs/Structure Components/Beam 16.prefab using Guid(26224b2ec4f8749eebc290c031b9853a) Importer(815301076,1909f56bfc062723c751e8b465ee728b)  -> (artifact id: 'bf99490696467a4a8adc3dee6f94d4ab') in 0.041308 seconds
  Import took 0.045038 seconds .

========================================================================
Received Import Request.
  Time since last request: 0.000141 seconds.
  path: Assets/Free Game Items/150dpi/belt.png
  artifactKey: Guid(a3f59a605d0bbbb48b130a7e0e49438e) Importer(815301076,1909f56bfc062723c751e8b465ee728b)
Start importing Assets/Free Game Items/150dpi/belt.png using Guid(a3f59a605d0bbbb48b130a7e0e49438e) Importer(815301076,1909f56bfc062723c751e8b465ee728b)  -> (artifact id: '0503b554830c888a394eb3045006fd18') in 0.005483 seconds
  Import took 0.008875 seconds .

========================================================================
Received Import Request.
  Time since last request: 0.000140 seconds.
  path: Assets/2D Hand Painted/Sample/Prefabs/Fish/BlueFish.prefab
  artifactKey: Guid(e1e8688b500244009b44000c6054201b) Importer(815301076,1909f56bfc062723c751e8b465ee728b)
Start importing Assets/2D Hand Painted/Sample/Prefabs/Fish/BlueFish.prefab using Guid(e1e8688b500244009b44000c6054201b) Importer(815301076,1909f56bfc062723c751e8b465ee728b)  -> (artifact id: 'd7189ca8ac7715af11502eeffb3d4823') in 0.104215 seconds
  Import took 0.107901 seconds .

========================================================================
Received Import Request.
  Time since last request: 0.000132 seconds.
  path: Assets/2D Hand Painted/Sample/Prefabs/Structure Components/Beam 7.prefab
  artifactKey: Guid(080032929cbe64e22beca6cb44564992) Importer(815301076,1909f56bfc062723c751e8b465ee728b)
Start importing Assets/2D Hand Painted/Sample/Prefabs/Structure Components/Beam 7.prefab using Guid(080032929cbe64e22beca6cb44564992) Importer(815301076,1909f56bfc062723c751e8b465ee728b)  -> (artifact id: 'c50c2e5e9fb63169b5026b577f251e88') in 0.043984 seconds
  Import took 0.047496 seconds .

========================================================================
Received Import Request.
  Time since last request: 0.000164 seconds.
  path: Assets/Free Game Items/300dpi/ammo.png
  artifactKey: Guid(9867e2715a85c6345a93f98353a7799d) Importer(815301076,1909f56bfc062723c751e8b465ee728b)
Start importing Assets/Free Game Items/300dpi/ammo.png using Guid(9867e2715a85c6345a93f98353a7799d) Importer(815301076,1909f56bfc062723c751e8b465ee728b)  -> (artifact id: 'f0cdc0a56a242223090ff736f2c6aaca') in 0.004787 seconds
  Import took 0.008724 seconds .

========================================================================
Received Import Request.
  Time since last request: 0.000149 seconds.
  path: Assets/Free Game Items/300dpi/backpack-1.png
  artifactKey: Guid(12ecca8998715824f822cd52d4152545) Importer(815301076,1909f56bfc062723c751e8b465ee728b)
Start importing Assets/Free Game Items/300dpi/backpack-1.png using Guid(12ecca8998715824f822cd52d4152545) Importer(815301076,1909f56bfc062723c751e8b465ee728b)  -> (artifact id: 'e4d0fc4dd6eccea45cbd21d33e3a0b68') in 0.005073 seconds
  Import took 0.008613 seconds .

========================================================================
Received Prepare
Registering precompiled user dll's ...
Registered in 0.001125 seconds.
Begin MonoManager ReloadAssembly
Native extension for WindowsStandalone target not found
Refreshing native plugins compatible for Editor in 0.55 ms, found 1 plugins.
Preloading 0 native plugins for Editor in 0.00 ms.
Invoked RoslynAnalysisRunner static constructor.
RoslynAnalysisRunner will not be running.
RoslynAnalysisRunner has terminated.
Mono: successfully reloaded assembly
- Completed reload, in  0.774 seconds
Platform modules already initialized, skipping
Switching build target platform(5) subTarget(0) extendedPlatform(0) -> platform(13) subTarget(537395200) extendedPlatform(0)
Shader 'Universal Render Pipeline/Particles/Lit': fallback shader 'Universal Render Pipeline/Particles/SimpleLit' not found
Refreshing native plugins compatible for Editor in 0.57 ms, found 1 plugins.
Preloading 0 native plugins for Editor in 0.00 ms.
Unloading 2877 Unused Serialized files (Serialized files now loaded: 0)
System memory in use before: 130.9 MB.
System memory in use after: 131.0 MB.

Unloading 13 unused Assets to reduce memory usage. Loaded Objects now: 3680.
Total: 2.255100 ms (FindLiveObjects: 0.277900 ms CreateObjectMapping: 0.070100 ms MarkObjects: 1.813700 ms  DeleteObjects: 0.092700 ms)

AssetImportParameters requested are different than current active one (requested -> active):
  custom:graphics/normal-map-encoding: 01000000000000000000000000000000 -> 02000000000000000000000000000000
========================================================================
Received Import Request.
  Time since last request: 798.365530 seconds.
  path: Assets/Prefab/Coin.prefab
  artifactKey: Guid(087532febf669194a8ac5451849425f0) Importer(815301076,1909f56bfc062723c751e8b465ee728b)
Start importing Assets/Prefab/Coin.prefab using Guid(087532febf669194a8ac5451849425f0) Importer(815301076,1909f56bfc062723c751e8b465ee728b)  -> (artifact id: '6823a551974a5ec56e1cdec5cd95ad5f') in 0.108306 seconds
  Import took 0.112702 seconds .

========================================================================
Received Prepare
Registering precompiled user dll's ...
Registered in 0.000976 seconds.
Begin MonoManager ReloadAssembly
Native extension for WindowsStandalone target not found
Refreshing native plugins compatible for Editor in 0.56 ms, found 1 plugins.
Preloading 0 native plugins for Editor in 0.00 ms.
Invoked RoslynAnalysisRunner static constructor.
RoslynAnalysisRunner will not be running.
RoslynAnalysisRunner has terminated.
Mono: successfully reloaded assembly
- Completed reload, in  0.781 seconds
Platform modules already initialized, skipping
Switching build target platform(5) subTarget(0) extendedPlatform(0) -> platform(13) subTarget(537395200) extendedPlatform(0)
Shader 'Universal Render Pipeline/Particles/Lit': fallback shader 'Universal Render Pipeline/Particles/SimpleLit' not found
Refreshing native plugins compatible for Editor in 0.54 ms, found 1 plugins.
Preloading 0 native plugins for Editor in 0.00 ms.
Unloading 2877 Unused Serialized files (Serialized files now loaded: 0)
System memory in use before: 131.1 MB.
System memory in use after: 131.2 MB.

Unloading 13 unused Assets to reduce memory usage. Loaded Objects now: 3719.
Total: 2.339100 ms (FindLiveObjects: 0.278200 ms CreateObjectMapping: 0.080200 ms MarkObjects: 1.884700 ms  DeleteObjects: 0.095300 ms)

AssetImportParameters requested are different than current active one (requested -> active):
  custom:graphics/normal-map-encoding: 01000000000000000000000000000000 -> 02000000000000000000000000000000
========================================================================
Received Prepare
Registering precompiled user dll's ...
Registered in 0.000855 seconds.
Begin MonoManager ReloadAssembly
Native extension for WindowsStandalone target not found
Refreshing native plugins compatible for Editor in 0.57 ms, found 1 plugins.
Preloading 0 native plugins for Editor in 0.00 ms.
Invoked RoslynAnalysisRunner static constructor.
RoslynAnalysisRunner will not be running.
RoslynAnalysisRunner has terminated.
Mono: successfully reloaded assembly
- Completed reload, in  0.749 seconds
Platform modules already initialized, skipping
Switching build target platform(5) subTarget(0) extendedPlatform(0) -> platform(13) subTarget(537395200) extendedPlatform(0)
Shader 'Universal Render Pipeline/Particles/Lit': fallback shader 'Universal Render Pipeline/Particles/SimpleLit' not found
Refreshing native plugins compatible for Editor in 0.53 ms, found 1 plugins.
Preloading 0 native plugins for Editor in 0.00 ms.
Unloading 2877 Unused Serialized files (Serialized files now loaded: 0)
System memory in use before: 131.1 MB.
System memory in use after: 131.2 MB.

Unloading 13 unused Assets to reduce memory usage. Loaded Objects now: 3722.
Total: 2.433500 ms (FindLiveObjects: 0.286500 ms CreateObjectMapping: 0.086800 ms MarkObjects: 1.949700 ms  DeleteObjects: 0.109700 ms)

AssetImportParameters requested are different than current active one (requested -> active):
  custom:graphics/normal-map-encoding: 01000000000000000000000000000000 -> 02000000000000000000000000000000
========================================================================
Received Import Request.
  Time since last request: 260.570564 seconds.
  path: Assets/Prefab/Coin.prefab
  artifactKey: Guid(087532febf669194a8ac5451849425f0) Importer(815301076,1909f56bfc062723c751e8b465ee728b)
Start importing Assets/Prefab/Coin.prefab using Guid(087532febf669194a8ac5451849425f0) Importer(815301076,1909f56bfc062723c751e8b465ee728b)  -> (artifact id: 'ace7985a2ea7785f9837144a440fb29b') in 0.110596 seconds
  Import took 0.114978 seconds .

========================================================================
Received Prepare
Registering precompiled user dll's ...
Registered in 0.000956 seconds.
Begin MonoManager ReloadAssembly
Native extension for WindowsStandalone target not found
Refreshing native plugins compatible for Editor in 0.69 ms, found 1 plugins.
Preloading 0 native plugins for Editor in 0.00 ms.
Invoked RoslynAnalysisRunner static constructor.
RoslynAnalysisRunner will not be running.
RoslynAnalysisRunner has terminated.
Mono: successfully reloaded assembly
- Completed reload, in  0.762 seconds
Platform modules already initialized, skipping
Switching build target platform(5) subTarget(0) extendedPlatform(0) -> platform(13) subTarget(537395200) extendedPlatform(0)
Shader 'Universal Render Pipeline/Particles/Lit': fallback shader 'Universal Render Pipeline/Particles/SimpleLit' not found
Refreshing native plugins compatible for Editor in 0.55 ms, found 1 plugins.
Preloading 0 native plugins for Editor in 0.00 ms.
Unloading 2877 Unused Serialized files (Serialized files now loaded: 0)
System memory in use before: 131.2 MB.
System memory in use after: 131.3 MB.

Unloading 13 unused Assets to reduce memory usage. Loaded Objects now: 3761.
Total: 2.466500 ms (FindLiveObjects: 0.322200 ms CreateObjectMapping: 0.075900 ms MarkObjects: 1.966100 ms  DeleteObjects: 0.101400 ms)

AssetImportParameters requested are different than current active one (requested -> active):
  custom:graphics/normal-map-encoding: 01000000000000000000000000000000 -> 02000000000000000000000000000000
========================================================================
Received Prepare
Registering precompiled user dll's ...
Registered in 0.001042 seconds.
Begin MonoManager ReloadAssembly
Native extension for WindowsStandalone target not found
Refreshing native plugins compatible for Editor in 0.63 ms, found 1 plugins.
Preloading 0 native plugins for Editor in 0.00 ms.
Invoked RoslynAnalysisRunner static constructor.
RoslynAnalysisRunner will not be running.
RoslynAnalysisRunner has terminated.
Mono: successfully reloaded assembly
- Completed reload, in  0.757 seconds
Platform modules already initialized, skipping
Switching build target platform(5) subTarget(0) extendedPlatform(0) -> platform(13) subTarget(537395200) extendedPlatform(0)
Shader 'Universal Render Pipeline/Particles/Lit': fallback shader 'Universal Render Pipeline/Particles/SimpleLit' not found
Refreshing native plugins compatible for Editor in 0.56 ms, found 1 plugins.
Preloading 0 native plugins for Editor in 0.00 ms.
Unloading 2877 Unused Serialized files (Serialized files now loaded: 0)
System memory in use before: 131.2 MB.
System memory in use after: 131.3 MB.

Unloading 13 unused Assets to reduce memory usage. Loaded Objects now: 3764.
Total: 2.384700 ms (FindLiveObjects: 0.297000 ms CreateObjectMapping: 0.079700 ms MarkObjects: 1.909700 ms  DeleteObjects: 0.097400 ms)

AssetImportParameters requested are different than current active one (requested -> active):
  custom:graphics/normal-map-encoding: 01000000000000000000000000000000 -> 02000000000000000000000000000000
========================================================================
Received Prepare
Registering precompiled user dll's ...
Registered in 0.000963 seconds.
Begin MonoManager ReloadAssembly
Native extension for WindowsStandalone target not found
Refreshing native plugins compatible for Editor in 0.62 ms, found 1 plugins.
Preloading 0 native plugins for Editor in 0.00 ms.
Invoked RoslynAnalysisRunner static constructor.
RoslynAnalysisRunner will not be running.
RoslynAnalysisRunner has terminated.
Mono: successfully reloaded assembly
- Completed reload, in  0.786 seconds
Platform modules already initialized, skipping
Switching build target platform(5) subTarget(0) extendedPlatform(0) -> platform(13) subTarget(537395200) extendedPlatform(0)
Shader 'Universal Render Pipeline/Particles/Lit': fallback shader 'Universal Render Pipeline/Particles/SimpleLit' not found
Refreshing native plugins compatible for Editor in 0.56 ms, found 1 plugins.
Preloading 0 native plugins for Editor in 0.00 ms.
Unloading 2877 Unused Serialized files (Serialized files now loaded: 0)
System memory in use before: 131.2 MB.
System memory in use after: 131.3 MB.

Unloading 13 unused Assets to reduce memory usage. Loaded Objects now: 3767.
Total: 2.346200 ms (FindLiveObjects: 0.287900 ms CreateObjectMapping: 0.078000 ms MarkObjects: 1.885900 ms  DeleteObjects: 0.093700 ms)

AssetImportParameters requested are different than current active one (requested -> active):
  custom:graphics/normal-map-encoding: 01000000000000000000000000000000 -> 02000000000000000000000000000000
========================================================================
Received Prepare
Registering precompiled user dll's ...
Registered in 0.000854 seconds.
Begin MonoManager ReloadAssembly
Native extension for WindowsStandalone target not found
Refreshing native plugins compatible for Editor in 0.55 ms, found 1 plugins.
Preloading 0 native plugins for Editor in 0.00 ms.
Invoked RoslynAnalysisRunner static constructor.
RoslynAnalysisRunner will not be running.
RoslynAnalysisRunner has terminated.
Mono: successfully reloaded assembly
- Completed reload, in  0.779 seconds
Platform modules already initialized, skipping
Switching build target platform(5) subTarget(0) extendedPlatform(0) -> platform(13) subTarget(537395200) extendedPlatform(0)
Shader 'Universal Render Pipeline/Particles/Lit': fallback shader 'Universal Render Pipeline/Particles/SimpleLit' not found
Refreshing native plugins compatible for Editor in 0.55 ms, found 1 plugins.
Preloading 0 native plugins for Editor in 0.00 ms.
Unloading 2877 Unused Serialized files (Serialized files now loaded: 0)
System memory in use before: 131.2 MB.
System memory in use after: 131.3 MB.

Unloading 13 unused Assets to reduce memory usage. Loaded Objects now: 3770.
Total: 2.656800 ms (FindLiveObjects: 0.464700 ms CreateObjectMapping: 0.091400 ms MarkObjects: 1.997700 ms  DeleteObjects: 0.102400 ms)

AssetImportParameters requested are different than current active one (requested -> active):
  custom:graphics/normal-map-encoding: 01000000000000000000000000000000 -> 02000000000000000000000000000000
========================================================================
Received Prepare
Registering precompiled user dll's ...
Registered in 0.000967 seconds.
Begin MonoManager ReloadAssembly
Native extension for WindowsStandalone target not found
Refreshing native plugins compatible for Editor in 0.57 ms, found 1 plugins.
Preloading 0 native plugins for Editor in 0.00 ms.
Invoked RoslynAnalysisRunner static constructor.
RoslynAnalysisRunner will not be running.
RoslynAnalysisRunner has terminated.
Mono: successfully reloaded assembly
- Completed reload, in  0.775 seconds
Platform modules already initialized, skipping
Switching build target platform(5) subTarget(0) extendedPlatform(0) -> platform(13) subTarget(537395200) extendedPlatform(0)
Shader 'Universal Render Pipeline/Particles/Lit': fallback shader 'Universal Render Pipeline/Particles/SimpleLit' not found
Refreshing native plugins compatible for Editor in 0.53 ms, found 1 plugins.
Preloading 0 native plugins for Editor in 0.00 ms.
Unloading 2877 Unused Serialized files (Serialized files now loaded: 0)
System memory in use before: 131.2 MB.
System memory in use after: 131.3 MB.

Unloading 13 unused Assets to reduce memory usage. Loaded Objects now: 3773.
Total: 2.429000 ms (FindLiveObjects: 0.299400 ms CreateObjectMapping: 0.074200 ms MarkObjects: 1.957900 ms  DeleteObjects: 0.096800 ms)

AssetImportParameters requested are different than current active one (requested -> active):
  custom:graphics/normal-map-encoding: 01000000000000000000000000000000 -> 02000000000000000000000000000000
========================================================================
Received Prepare
Registering precompiled user dll's ...
Registered in 0.000879 seconds.
Begin MonoManager ReloadAssembly
Native extension for WindowsStandalone target not found
Refreshing native plugins compatible for Editor in 0.61 ms, found 1 plugins.
Preloading 0 native plugins for Editor in 0.00 ms.
Invoked RoslynAnalysisRunner static constructor.
RoslynAnalysisRunner will not be running.
RoslynAnalysisRunner has terminated.
Mono: successfully reloaded assembly
- Completed reload, in  0.783 seconds
Platform modules already initialized, skipping
Switching build target platform(5) subTarget(0) extendedPlatform(0) -> platform(13) subTarget(537395200) extendedPlatform(0)
Shader 'Universal Render Pipeline/Particles/Lit': fallback shader 'Universal Render Pipeline/Particles/SimpleLit' not found
Refreshing native plugins compatible for Editor in 0.56 ms, found 1 plugins.
Preloading 0 native plugins for Editor in 0.00 ms.
Unloading 2877 Unused Serialized files (Serialized files now loaded: 0)
System memory in use before: 131.2 MB.
System memory in use after: 131.3 MB.

Unloading 13 unused Assets to reduce memory usage. Loaded Objects now: 3776.
Total: 2.488000 ms (FindLiveObjects: 0.320900 ms CreateObjectMapping: 0.089100 ms MarkObjects: 1.979200 ms  DeleteObjects: 0.097900 ms)

AssetImportParameters requested are different than current active one (requested -> active):
  custom:graphics/normal-map-encoding: 01000000000000000000000000000000 -> 02000000000000000000000000000000
========================================================================
Received Prepare
Registering precompiled user dll's ...
Registered in 0.000829 seconds.
Begin MonoManager ReloadAssembly
Native extension for WindowsStandalone target not found
Refreshing native plugins compatible for Editor in 0.57 ms, found 1 plugins.
Preloading 0 native plugins for Editor in 0.00 ms.
Invoked RoslynAnalysisRunner static constructor.
RoslynAnalysisRunner will not be running.
RoslynAnalysisRunner has terminated.
Mono: successfully reloaded assembly
- Completed reload, in  0.768 seconds
Platform modules already initialized, skipping
Switching build target platform(5) subTarget(0) extendedPlatform(0) -> platform(13) subTarget(537395200) extendedPlatform(0)
Shader 'Universal Render Pipeline/Particles/Lit': fallback shader 'Universal Render Pipeline/Particles/SimpleLit' not found
Refreshing native plugins compatible for Editor in 0.56 ms, found 1 plugins.
Preloading 0 native plugins for Editor in 0.00 ms.
Unloading 2877 Unused Serialized files (Serialized files now loaded: 0)
System memory in use before: 131.2 MB.
System memory in use after: 131.3 MB.

Unloading 13 unused Assets to reduce memory usage. Loaded Objects now: 3779.
Total: 2.415500 ms (FindLiveObjects: 0.311800 ms CreateObjectMapping: 0.068500 ms MarkObjects: 1.936000 ms  DeleteObjects: 0.098300 ms)

AssetImportParameters requested are different than current active one (requested -> active):
  custom:graphics/normal-map-encoding: 01000000000000000000000000000000 -> 02000000000000000000000000000000
========================================================================
Received Prepare
Registering precompiled user dll's ...
Registered in 0.000869 seconds.
Begin MonoManager ReloadAssembly
Native extension for WindowsStandalone target not found
Refreshing native plugins compatible for Editor in 0.56 ms, found 1 plugins.
Preloading 0 native plugins for Editor in 0.00 ms.
Invoked RoslynAnalysisRunner static constructor.
RoslynAnalysisRunner will not be running.
RoslynAnalysisRunner has terminated.
Mono: successfully reloaded assembly
- Completed reload, in  0.758 seconds
Platform modules already initialized, skipping
Switching build target platform(5) subTarget(0) extendedPlatform(0) -> platform(13) subTarget(537395200) extendedPlatform(0)
Shader 'Universal Render Pipeline/Particles/Lit': fallback shader 'Universal Render Pipeline/Particles/SimpleLit' not found
Refreshing native plugins compatible for Editor in 0.52 ms, found 1 plugins.
Preloading 0 native plugins for Editor in 0.00 ms.
Unloading 2877 Unused Serialized files (Serialized files now loaded: 0)
System memory in use before: 131.2 MB.
System memory in use after: 131.3 MB.

Unloading 13 unused Assets to reduce memory usage. Loaded Objects now: 3782.
Total: 2.468600 ms (FindLiveObjects: 0.300800 ms CreateObjectMapping: 0.084100 ms MarkObjects: 1.989800 ms  DeleteObjects: 0.092800 ms)

AssetImportParameters requested are different than current active one (requested -> active):
  custom:graphics/normal-map-encoding: 01000000000000000000000000000000 -> 02000000000000000000000000000000
AssetImportWorkerClient::OnTransportError - code=2 error=End of file
